<!DOCTYPE html PUBLIC "-//W3C//DTD XHTML 1.1//EN" "https://www.w3.org/TR/xhtml11/DTD/xhtml11.dtd">
<html xmlns="https://www.w3.org/1999/xhtml">
<head>
<meta http-equiv="content-type" content="text/html; charset=UTF-8"/>
<title>TestNG Report</title>
<style type="text/css">table {margin-bottom:10px;border-collapse:collapse;empty-cells:show}th,td {border:1px solid #009;padding:.25em .5em}th {vertical-align:bottom}td {vertical-align:top}table a {font-weight:bold}.stripe td {background-color: #E6EBF9}.num {text-align:right}.passedodd td {background-color: #3F3}.passedeven td {background-color: #0A0}.skippedodd td {background-color: #DDD}.skippedeven td {background-color: #CCC}.failedodd td,.attn {background-color: #F33}.failedeven td,.stripe .attn {background-color: #D00}.stacktrace {white-space:pre;font-family:monospace}.totop {font-size:85%;text-align:center;border-bottom:2px solid #000}.invisible {display:none}</style>
</head>
<body>
<table>
<tr><th>Test</th><th># Passed</th><th># Skipped</th><th># Retried</th><th># Failed</th><th>Time (ms)</th><th>Included Groups</th><th>Excluded Groups</th></tr>
<tr><th colspan="8">Airline_Suite</th></tr>
<tr><td><a href="#t0">Airline_Test</a></td><td class="num">12</td><td class="num">0</td><td class="num attn">4</td><td class="num attn">3</td><td class="num">446,095</td><td></td><td></td></tr>
</table>
<table id='summary'><thead><tr><th>Class</th><th>Method</th><th>Start</th><th>Time (ms)</th></tr></thead><tbody><tr><th colspan="4">Airline_Suite</th></tr></tbody><tbody id="t0"><tr><th colspan="4">Airline_Test &#8212; failed</th></tr><tr class="failedeven"><td rowspan="1">Airline_Testcases.TC11_Passenger_Details_for_Booking</td><td><a href="#m0">passenger_details</a></td><td rowspan="1">1715942426191</td><td rowspan="1">11224</td></tr><tr class="failedodd"><td rowspan="1">Airline_Testcases.TC12_Login_Search_Logout</td><td><a href="#m1">login_search_logout</a></td><td rowspan="1">1715942449233</td><td rowspan="1">10987</td></tr><tr class="failedeven"><td rowspan="1">Airline_Testcases.TC14_Domestic_Round_Trip_Flights</td><td><a href="#m2">search_domestic_flights</a></td><td rowspan="1">1715942544365</td><td rowspan="1">4121</td></tr><tr><th colspan="4">Airline_Test &#8212; retried</th></tr><tr class="retriedeven"><td rowspan="1">Airline_Testcases.TC11_Passenger_Details_for_Booking</td><td><a href="#m3">passenger_details</a></td><td rowspan="1">1715942402884</td><td rowspan="1">11146</td></tr><tr class="retriedodd"><td rowspan="1">Airline_Testcases.TC13_Apply_Coupon_Code</td><td><a href="#m4">apply_coupon_code</a></td><td rowspan="1">1715942471887</td><td rowspan="1">11008</td></tr><tr class="retriedeven"><td rowspan="1">Airline_Testcases.TC14_Domestic_Round_Trip_Flights</td><td><a href="#m5">search_domestic_flights</a></td><td rowspan="1">1715942521301</td><td rowspan="1">11186</td></tr><tr class="retriedodd"><td rowspan="1">Airline_Testcases.TC15_Make_Payment</td><td><a href="#m6">make_payment</a></td><td rowspan="1">1715942560967</td><td rowspan="1">10969</td></tr><tr><th colspan="4">Airline_Test &#8212; passed</th></tr><tr class="passedeven"><td rowspan="1">Airline_Testcases.TC10_Flight_Baggage_Cancel_Info</td><td><a href="#m7">flight_information</a></td><td rowspan="1">1715942377773</td><td rowspan="1">14237</td></tr><tr class="passedodd"><td rowspan="1">Airline_Testcases.TC13_Apply_Coupon_Code</td><td><a href="#m8">apply_coupon_code</a></td><td rowspan="1">1715942494331</td><td rowspan="1">15758</td></tr><tr class="passedeven"><td rowspan="1">Airline_Testcases.TC15_Make_Payment</td><td><a href="#m9">make_payment</a></td><td rowspan="1">1715942585660</td><td rowspan="1">21538</td></tr><tr class="passedodd"><td rowspan="1">Airline_Testcases.TC1_Register_New_Account</td><td><a href="#m10">new_user_register</a></td><td rowspan="1">1715942182112</td><td rowspan="1">702</td></tr><tr class="passedeven"><td rowspan="1">Airline_Testcases.TC2_Login_Functionality</td><td><a href="#m11">sucessful_login</a></td><td rowspan="1">1715942194045</td><td rowspan="1">2576</td></tr><tr class="passedodd"><td rowspan="1">Airline_Testcases.TC3_Unsuccessful_Login</td><td><a href="#m12">unsuccessful_login</a></td><td rowspan="1">1715942208139</td><td rowspan="1">2375</td></tr><tr class="passedeven"><td rowspan="1">Airline_Testcases.TC4_One_Way_Flights</td><td><a href="#m13">search_one_way_flights</a></td><td rowspan="1">1715942222202</td><td rowspan="1">8577</td></tr><tr class="passedodd"><td rowspan="1">Airline_Testcases.TC5_Round_Trip_Flights</td><td><a href="#m14">round_trip_flights</a></td><td rowspan="1">1715942242209</td><td rowspan="1">8106</td></tr><tr class="passedeven"><td rowspan="1">Airline_Testcases.TC6_Different_Classes</td><td><a href="#m15">classes</a></td><td rowspan="1">1715942263142</td><td rowspan="1">13547</td></tr><tr class="passedodd"><td rowspan="1">Airline_Testcases.TC7_Multi_City_Flights</td><td><a href="#m16">multi_city_flights</a></td><td rowspan="1">1715942287805</td><td rowspan="1">12365</td></tr><tr class="passedeven"><td rowspan="1">Airline_Testcases.TC8_Seat_Selection</td><td><a href="#m17">seat_selection</a></td><td rowspan="1">1715942313017</td><td rowspan="1">22975</td></tr><tr class="passedodd"><td rowspan="1">Airline_Testcases.TC9_Multiple_Passangers</td><td><a href="#m18">multiple_passangers</a></td><td rowspan="1">1715942349127</td><td rowspan="1">16471</td></tr></tbody>
</table>
<h2>Airline_Test</h2><h3 id="m0">Airline_Testcases.TC11_Passenger_Details_for_Booking#passenger_details</h3><table class="result"><tr><th>Exception</th></tr><tr><td><div class="stacktrace">org.openqa.selenium.ElementNotInteractableException: element not interactable
  (Session info: chrome=124.0.6367.203)
Build info: version: &apos;4.19.1&apos;, revision: &apos;abe0ee07dc&apos;
System info: os.name: &apos;Windows 10&apos;, os.arch: &apos;amd64&apos;, os.version: &apos;10.0&apos;, java.version: &apos;20&apos;
Driver info: org.openqa.selenium.chrome.ChromeDriver
Command: [b5f075ada6fa8e551556d470cc1479bc, sendKeysToElement {value=[Ljava.lang.CharSequence;@636985df, id=f.49E91ED03F6EE1FF34A5FFD98BFB1685.d.5BDAB8BEB68459FB86F2817151E560B7.e.135}]
Capabilities {acceptInsecureCerts: false, browserName: chrome, browserVersion: 124.0.6367.203, chrome: {chromedriverVersion: 124.0.6367.207 (a9001a6e39f..., userDataDir: C:\Users\DELL\AppData\Local...}, fedcm:accounts: true, goog:chromeOptions: {debuggerAddress: localhost:65207}, networkConnectionEnabled: false, pageLoadStrategy: normal, platformName: windows, proxy: Proxy(), se:cdp: ws://localhost:65207/devtoo..., se:cdpVersion: 124.0.6367.203, setWindowRect: true, strictFileInteractability: false, timeouts: {implicit: 0, pageLoad: 300000, script: 30000}, unhandledPromptBehavior: dismiss and notify, webauthn:extension:credBlob: true, webauthn:extension:largeBlob: true, webauthn:extension:minPinLength: true, webauthn:extension:prf: true, webauthn:virtualAuthenticators: true}
Element: [[ChromeDriver: chrome on windows (b5f075ada6fa8e551556d470cc1479bc)] -&gt; id: txtEmail2]
Session ID: b5f075ada6fa8e551556d470cc1479bc
	at org.openqa.selenium.remote.ErrorCodec.decode(ErrorCodec.java:167)
	at org.openqa.selenium.remote.codec.w3c.W3CHttpResponseCodec.decode(W3CHttpResponseCodec.java:138)
	at org.openqa.selenium.remote.codec.w3c.W3CHttpResponseCodec.decode(W3CHttpResponseCodec.java:50)
	at org.openqa.selenium.remote.HttpCommandExecutor.execute(HttpCommandExecutor.java:190)
	at org.openqa.selenium.remote.service.DriverCommandExecutor.invokeExecute(DriverCommandExecutor.java:216)
	at org.openqa.selenium.remote.service.DriverCommandExecutor.execute(DriverCommandExecutor.java:174)
	at org.openqa.selenium.remote.RemoteWebDriver.execute(RemoteWebDriver.java:518)
	at org.openqa.selenium.remote.RemoteWebElement.execute(RemoteWebElement.java:223)
	at org.openqa.selenium.remote.RemoteWebElement.sendKeys(RemoteWebElement.java:110)
	at org.openqa.selenium.support.pagefactory.internal.LocatingElementHandler.invoke(LocatingElementHandler.java:51)
	at jdk.proxy2/jdk.proxy2.$Proxy12.sendKeys(Unknown Source)
	at Airline_Source_Package.Home_Page.password(Home_Page.java:66)
	at Airline_Testcases.TC11_Passenger_Details_for_Booking.passenger_details(TC11_Passenger_Details_for_Booking.java:19)
	at java.base/java.util.ArrayList.forEach(ArrayList.java:1511)
... Removed 30 stack frames</div></td></tr></table><p class="totop"><a href="#summary">back to summary</a></p>
<h3 id="m1">Airline_Testcases.TC12_Login_Search_Logout#login_search_logout</h3><table class="result"><tr><th>Exception</th></tr><tr><td><div class="stacktrace">org.openqa.selenium.ElementNotInteractableException: element not interactable
  (Session info: chrome=124.0.6367.203)
Build info: version: &apos;4.19.1&apos;, revision: &apos;abe0ee07dc&apos;
System info: os.name: &apos;Windows 10&apos;, os.arch: &apos;amd64&apos;, os.version: &apos;10.0&apos;, java.version: &apos;20&apos;
Driver info: org.openqa.selenium.chrome.ChromeDriver
Command: [cd0dcdae25474f081492a059e9e2db16, sendKeysToElement {value=[Ljava.lang.CharSequence;@79195c22, id=f.27E6386A25183B604D28A5244DAD9A5A.d.D05C62E9187FA8749992905F4D15AA5E.e.174}]
Capabilities {acceptInsecureCerts: false, browserName: chrome, browserVersion: 124.0.6367.203, chrome: {chromedriverVersion: 124.0.6367.207 (a9001a6e39f..., userDataDir: C:\Users\DELL\AppData\Local...}, fedcm:accounts: true, goog:chromeOptions: {debuggerAddress: localhost:65270}, networkConnectionEnabled: false, pageLoadStrategy: normal, platformName: windows, proxy: Proxy(), se:cdp: ws://localhost:65270/devtoo..., se:cdpVersion: 124.0.6367.203, setWindowRect: true, strictFileInteractability: false, timeouts: {implicit: 0, pageLoad: 300000, script: 30000}, unhandledPromptBehavior: dismiss and notify, webauthn:extension:credBlob: true, webauthn:extension:largeBlob: true, webauthn:extension:minPinLength: true, webauthn:extension:prf: true, webauthn:virtualAuthenticators: true}
Element: [[ChromeDriver: chrome on windows (cd0dcdae25474f081492a059e9e2db16)] -&gt; id: txtEmail2]
Session ID: cd0dcdae25474f081492a059e9e2db16
	at org.openqa.selenium.remote.ErrorCodec.decode(ErrorCodec.java:167)
	at org.openqa.selenium.remote.codec.w3c.W3CHttpResponseCodec.decode(W3CHttpResponseCodec.java:138)
	at org.openqa.selenium.remote.codec.w3c.W3CHttpResponseCodec.decode(W3CHttpResponseCodec.java:50)
	at org.openqa.selenium.remote.HttpCommandExecutor.execute(HttpCommandExecutor.java:190)
	at org.openqa.selenium.remote.service.DriverCommandExecutor.invokeExecute(DriverCommandExecutor.java:216)
	at org.openqa.selenium.remote.service.DriverCommandExecutor.execute(DriverCommandExecutor.java:174)
	at org.openqa.selenium.remote.RemoteWebDriver.execute(RemoteWebDriver.java:518)
	at org.openqa.selenium.remote.RemoteWebElement.execute(RemoteWebElement.java:223)
	at org.openqa.selenium.remote.RemoteWebElement.sendKeys(RemoteWebElement.java:110)
	at org.openqa.selenium.support.pagefactory.internal.LocatingElementHandler.invoke(LocatingElementHandler.java:51)
	at jdk.proxy2/jdk.proxy2.$Proxy12.sendKeys(Unknown Source)
	at Airline_Source_Package.Home_Page.password(Home_Page.java:66)
	at Airline_Testcases.TC12_Login_Search_Logout.login_search_logout(TC12_Login_Search_Logout.java:18)
	at java.base/java.util.ArrayList.forEach(ArrayList.java:1511)
... Removed 30 stack frames</div></td></tr></table><p class="totop"><a href="#summary">back to summary</a></p>
<h3 id="m2">Airline_Testcases.TC14_Domestic_Round_Trip_Flights#search_domestic_flights</h3><table class="result"><tr><th>Exception</th></tr><tr><td><div class="stacktrace">org.openqa.selenium.StaleElementReferenceException: stale element reference: stale element not found in the current frame
  (Session info: chrome=124.0.6367.203)
For documentation on this error, please visit: https://www.selenium.dev/documentation/webdriver/troubleshooting/errors#stale-element-reference-exception
Build info: version: &apos;4.19.1&apos;, revision: &apos;abe0ee07dc&apos;
System info: os.name: &apos;Windows 10&apos;, os.arch: &apos;amd64&apos;, os.version: &apos;10.0&apos;, java.version: &apos;20&apos;
Driver info: org.openqa.selenium.chrome.ChromeDriver
Command: [b72a73dfa1ce87f62317fc265d10c784, clickElement {id=f.8DD98FF5FA4ACE4682CA8B92DF7577FA.d.611E03EF05A1C167EABD2A51E4A482F9.e.418}]
Capabilities {acceptInsecureCerts: false, browserName: chrome, browserVersion: 124.0.6367.203, chrome: {chromedriverVersion: 124.0.6367.207 (a9001a6e39f..., userDataDir: C:\Users\DELL\AppData\Local...}, fedcm:accounts: true, goog:chromeOptions: {debuggerAddress: localhost:49155}, networkConnectionEnabled: false, pageLoadStrategy: normal, platformName: windows, proxy: Proxy(), se:cdp: ws://localhost:49155/devtoo..., se:cdpVersion: 124.0.6367.203, setWindowRect: true, strictFileInteractability: false, timeouts: {implicit: 0, pageLoad: 300000, script: 30000}, unhandledPromptBehavior: dismiss and notify, webauthn:extension:credBlob: true, webauthn:extension:largeBlob: true, webauthn:extension:minPinLength: true, webauthn:extension:prf: true, webauthn:virtualAuthenticators: true}
Element: [[ChromeDriver: chrome on windows (b72a73dfa1ce87f62317fc265d10c784)] -&gt; xpath: //div[@class=&apos;mflexcol&apos;]]
Session ID: b72a73dfa1ce87f62317fc265d10c784
	at org.openqa.selenium.remote.ErrorCodec.decode(ErrorCodec.java:167)
	at org.openqa.selenium.remote.codec.w3c.W3CHttpResponseCodec.decode(W3CHttpResponseCodec.java:138)
	at org.openqa.selenium.remote.codec.w3c.W3CHttpResponseCodec.decode(W3CHttpResponseCodec.java:50)
	at org.openqa.selenium.remote.HttpCommandExecutor.execute(HttpCommandExecutor.java:190)
	at org.openqa.selenium.remote.service.DriverCommandExecutor.invokeExecute(DriverCommandExecutor.java:216)
	at org.openqa.selenium.remote.service.DriverCommandExecutor.execute(DriverCommandExecutor.java:174)
	at org.openqa.selenium.remote.RemoteWebDriver.execute(RemoteWebDriver.java:518)
	at org.openqa.selenium.remote.RemoteWebElement.execute(RemoteWebElement.java:223)
	at org.openqa.selenium.remote.RemoteWebElement.click(RemoteWebElement.java:76)
	at Airline_Source_Package.Search_Result_Page.select_to_city_auto(Search_Result_Page.java:139)
	at Airline_Testcases.TC14_Domestic_Round_Trip_Flights.search_domestic_flights(TC14_Domestic_Round_Trip_Flights.java:29)
	at java.base/java.util.ArrayList.forEach(ArrayList.java:1511)
... Removed 28 stack frames</div></td></tr></table><p class="totop"><a href="#summary">back to summary</a></p>
<h3 id="m3">Airline_Testcases.TC11_Passenger_Details_for_Booking#passenger_details</h3><table class="result"><tr><th>Exception</th></tr><tr><td><div class="stacktrace">org.openqa.selenium.ElementNotInteractableException: element not interactable
  (Session info: chrome=124.0.6367.203)
Build info: version: &apos;4.19.1&apos;, revision: &apos;abe0ee07dc&apos;
System info: os.name: &apos;Windows 10&apos;, os.arch: &apos;amd64&apos;, os.version: &apos;10.0&apos;, java.version: &apos;20&apos;
Driver info: org.openqa.selenium.chrome.ChromeDriver
Command: [fb947caa1fb58ee4319a8df57b0564d6, sendKeysToElement {value=[Ljava.lang.CharSequence;@626b639e, id=f.3AD63B0009444A082EF95F81CE050DF3.d.21C95FBA01FF4696419E2FAB14423E34.e.207}]
Capabilities {acceptInsecureCerts: false, browserName: chrome, browserVersion: 124.0.6367.203, chrome: {chromedriverVersion: 124.0.6367.207 (a9001a6e39f..., userDataDir: C:\Users\DELL\AppData\Local...}, fedcm:accounts: true, goog:chromeOptions: {debuggerAddress: localhost:65149}, networkConnectionEnabled: false, pageLoadStrategy: normal, platformName: windows, proxy: Proxy(), se:cdp: ws://localhost:65149/devtoo..., se:cdpVersion: 124.0.6367.203, setWindowRect: true, strictFileInteractability: false, timeouts: {implicit: 0, pageLoad: 300000, script: 30000}, unhandledPromptBehavior: dismiss and notify, webauthn:extension:credBlob: true, webauthn:extension:largeBlob: true, webauthn:extension:minPinLength: true, webauthn:extension:prf: true, webauthn:virtualAuthenticators: true}
Element: [[ChromeDriver: chrome on windows (fb947caa1fb58ee4319a8df57b0564d6)] -&gt; id: txtEmail2]
Session ID: fb947caa1fb58ee4319a8df57b0564d6
	at org.openqa.selenium.remote.ErrorCodec.decode(ErrorCodec.java:167)
	at org.openqa.selenium.remote.codec.w3c.W3CHttpResponseCodec.decode(W3CHttpResponseCodec.java:138)
	at org.openqa.selenium.remote.codec.w3c.W3CHttpResponseCodec.decode(W3CHttpResponseCodec.java:50)
	at org.openqa.selenium.remote.HttpCommandExecutor.execute(HttpCommandExecutor.java:190)
	at org.openqa.selenium.remote.service.DriverCommandExecutor.invokeExecute(DriverCommandExecutor.java:216)
	at org.openqa.selenium.remote.service.DriverCommandExecutor.execute(DriverCommandExecutor.java:174)
	at org.openqa.selenium.remote.RemoteWebDriver.execute(RemoteWebDriver.java:518)
	at org.openqa.selenium.remote.RemoteWebElement.execute(RemoteWebElement.java:223)
	at org.openqa.selenium.remote.RemoteWebElement.sendKeys(RemoteWebElement.java:110)
	at org.openqa.selenium.support.pagefactory.internal.LocatingElementHandler.invoke(LocatingElementHandler.java:51)
	at jdk.proxy2/jdk.proxy2.$Proxy12.sendKeys(Unknown Source)
	at Airline_Source_Package.Home_Page.password(Home_Page.java:66)
	at Airline_Testcases.TC11_Passenger_Details_for_Booking.passenger_details(TC11_Passenger_Details_for_Booking.java:19)
	at java.base/java.util.ArrayList.forEach(ArrayList.java:1511)
... Removed 30 stack frames</div></td></tr></table><p class="totop"><a href="#summary">back to summary</a></p>
<h3 id="m4">Airline_Testcases.TC13_Apply_Coupon_Code#apply_coupon_code</h3><table class="result"><tr><th>Exception</th></tr><tr><td><div class="stacktrace">org.openqa.selenium.ElementNotInteractableException: element not interactable
  (Session info: chrome=124.0.6367.203)
Build info: version: &apos;4.19.1&apos;, revision: &apos;abe0ee07dc&apos;
System info: os.name: &apos;Windows 10&apos;, os.arch: &apos;amd64&apos;, os.version: &apos;10.0&apos;, java.version: &apos;20&apos;
Driver info: org.openqa.selenium.chrome.ChromeDriver
Command: [891fa970a300bc5bc3f2102b77477be0, sendKeysToElement {value=[Ljava.lang.CharSequence;@1abcd059, id=f.BADEBDA685EA07139B6492475A5E9499.d.2FA71D2458407C187F7B852FFC7FCE23.e.139}]
Capabilities {acceptInsecureCerts: false, browserName: chrome, browserVersion: 124.0.6367.203, chrome: {chromedriverVersion: 124.0.6367.207 (a9001a6e39f..., userDataDir: C:\Users\DELL\AppData\Local...}, fedcm:accounts: true, goog:chromeOptions: {debuggerAddress: localhost:65342}, networkConnectionEnabled: false, pageLoadStrategy: normal, platformName: windows, proxy: Proxy(), se:cdp: ws://localhost:65342/devtoo..., se:cdpVersion: 124.0.6367.203, setWindowRect: true, strictFileInteractability: false, timeouts: {implicit: 0, pageLoad: 300000, script: 30000}, unhandledPromptBehavior: dismiss and notify, webauthn:extension:credBlob: true, webauthn:extension:largeBlob: true, webauthn:extension:minPinLength: true, webauthn:extension:prf: true, webauthn:virtualAuthenticators: true}
Element: [[ChromeDriver: chrome on windows (891fa970a300bc5bc3f2102b77477be0)] -&gt; id: txtEmail2]
Session ID: 891fa970a300bc5bc3f2102b77477be0
	at org.openqa.selenium.remote.ErrorCodec.decode(ErrorCodec.java:167)
	at org.openqa.selenium.remote.codec.w3c.W3CHttpResponseCodec.decode(W3CHttpResponseCodec.java:138)
	at org.openqa.selenium.remote.codec.w3c.W3CHttpResponseCodec.decode(W3CHttpResponseCodec.java:50)
	at org.openqa.selenium.remote.HttpCommandExecutor.execute(HttpCommandExecutor.java:190)
	at org.openqa.selenium.remote.service.DriverCommandExecutor.invokeExecute(DriverCommandExecutor.java:216)
	at org.openqa.selenium.remote.service.DriverCommandExecutor.execute(DriverCommandExecutor.java:174)
	at org.openqa.selenium.remote.RemoteWebDriver.execute(RemoteWebDriver.java:518)
	at org.openqa.selenium.remote.RemoteWebElement.execute(RemoteWebElement.java:223)
	at org.openqa.selenium.remote.RemoteWebElement.sendKeys(RemoteWebElement.java:110)
	at org.openqa.selenium.support.pagefactory.internal.LocatingElementHandler.invoke(LocatingElementHandler.java:51)
	at jdk.proxy2/jdk.proxy2.$Proxy12.sendKeys(Unknown Source)
	at Airline_Source_Package.Home_Page.password(Home_Page.java:66)
	at Airline_Testcases.TC13_Apply_Coupon_Code.apply_coupon_code(TC13_Apply_Coupon_Code.java:19)
	at java.base/java.util.ArrayList.forEach(ArrayList.java:1511)
... Removed 30 stack frames</div></td></tr></table><p class="totop"><a href="#summary">back to summary</a></p>
<h3 id="m5">Airline_Testcases.TC14_Domestic_Round_Trip_Flights#search_domestic_flights</h3><table class="result"><tr><th>Exception</th></tr><tr><td><div class="stacktrace">org.openqa.selenium.ElementNotInteractableException: element not interactable
  (Session info: chrome=124.0.6367.203)
Build info: version: &apos;4.19.1&apos;, revision: &apos;abe0ee07dc&apos;
System info: os.name: &apos;Windows 10&apos;, os.arch: &apos;amd64&apos;, os.version: &apos;10.0&apos;, java.version: &apos;20&apos;
Driver info: org.openqa.selenium.chrome.ChromeDriver
Command: [7a43fd72c7a48b1409e7e61fd59ef04d, sendKeysToElement {value=[Ljava.lang.CharSequence;@1182d1df, id=f.3BEBDBF9AA3BAA693CC03B3803DD0E0C.d.4F2EC41CC59CD71D9D605CB5E42B0C94.e.134}]
Capabilities {acceptInsecureCerts: false, browserName: chrome, browserVersion: 124.0.6367.203, chrome: {chromedriverVersion: 124.0.6367.207 (a9001a6e39f..., userDataDir: C:\Users\DELL\AppData\Local...}, fedcm:accounts: true, goog:chromeOptions: {debuggerAddress: localhost:65475}, networkConnectionEnabled: false, pageLoadStrategy: normal, platformName: windows, proxy: Proxy(), se:cdp: ws://localhost:65475/devtoo..., se:cdpVersion: 124.0.6367.203, setWindowRect: true, strictFileInteractability: false, timeouts: {implicit: 0, pageLoad: 300000, script: 30000}, unhandledPromptBehavior: dismiss and notify, webauthn:extension:credBlob: true, webauthn:extension:largeBlob: true, webauthn:extension:minPinLength: true, webauthn:extension:prf: true, webauthn:virtualAuthenticators: true}
Element: [[ChromeDriver: chrome on windows (7a43fd72c7a48b1409e7e61fd59ef04d)] -&gt; id: txtEmail2]
Session ID: 7a43fd72c7a48b1409e7e61fd59ef04d
	at org.openqa.selenium.remote.ErrorCodec.decode(ErrorCodec.java:167)
	at org.openqa.selenium.remote.codec.w3c.W3CHttpResponseCodec.decode(W3CHttpResponseCodec.java:138)
	at org.openqa.selenium.remote.codec.w3c.W3CHttpResponseCodec.decode(W3CHttpResponseCodec.java:50)
	at org.openqa.selenium.remote.HttpCommandExecutor.execute(HttpCommandExecutor.java:190)
	at org.openqa.selenium.remote.service.DriverCommandExecutor.invokeExecute(DriverCommandExecutor.java:216)
	at org.openqa.selenium.remote.service.DriverCommandExecutor.execute(DriverCommandExecutor.java:174)
	at org.openqa.selenium.remote.RemoteWebDriver.execute(RemoteWebDriver.java:518)
	at org.openqa.selenium.remote.RemoteWebElement.execute(RemoteWebElement.java:223)
	at org.openqa.selenium.remote.RemoteWebElement.sendKeys(RemoteWebElement.java:110)
	at org.openqa.selenium.support.pagefactory.internal.LocatingElementHandler.invoke(LocatingElementHandler.java:51)
	at jdk.proxy2/jdk.proxy2.$Proxy12.sendKeys(Unknown Source)
	at Airline_Source_Package.Home_Page.password(Home_Page.java:66)
	at Airline_Testcases.TC14_Domestic_Round_Trip_Flights.search_domestic_flights(TC14_Domestic_Round_Trip_Flights.java:18)
	at java.base/java.util.ArrayList.forEach(ArrayList.java:1511)
... Removed 30 stack frames</div></td></tr></table><p class="totop"><a href="#summary">back to summary</a></p>
<h3 id="m6">Airline_Testcases.TC15_Make_Payment#make_payment</h3><table class="result"><tr><th>Exception</th></tr><tr><td><div class="stacktrace">org.openqa.selenium.ElementNotInteractableException: element not interactable
  (Session info: chrome=124.0.6367.203)
Build info: version: &apos;4.19.1&apos;, revision: &apos;abe0ee07dc&apos;
System info: os.name: &apos;Windows 10&apos;, os.arch: &apos;amd64&apos;, os.version: &apos;10.0&apos;, java.version: &apos;20&apos;
Driver info: org.openqa.selenium.chrome.ChromeDriver
Command: [2f171efb472b8a82ceb5130ce636ea0e, sendKeysToElement {value=[Ljava.lang.CharSequence;@1857fe6c, id=f.0D3DB4CD25403E03A96D88AB000890AC.d.2D59D1E635B032F10778A07A8C4B8B5A.e.176}]
Capabilities {acceptInsecureCerts: false, browserName: chrome, browserVersion: 124.0.6367.203, chrome: {chromedriverVersion: 124.0.6367.207 (a9001a6e39f..., userDataDir: C:\Users\DELL\AppData\Local...}, fedcm:accounts: true, goog:chromeOptions: {debuggerAddress: localhost:49215}, networkConnectionEnabled: false, pageLoadStrategy: normal, platformName: windows, proxy: Proxy(), se:cdp: ws://localhost:49215/devtoo..., se:cdpVersion: 124.0.6367.203, setWindowRect: true, strictFileInteractability: false, timeouts: {implicit: 0, pageLoad: 300000, script: 30000}, unhandledPromptBehavior: dismiss and notify, webauthn:extension:credBlob: true, webauthn:extension:largeBlob: true, webauthn:extension:minPinLength: true, webauthn:extension:prf: true, webauthn:virtualAuthenticators: true}
Element: [[ChromeDriver: chrome on windows (2f171efb472b8a82ceb5130ce636ea0e)] -&gt; id: txtEmail2]
Session ID: 2f171efb472b8a82ceb5130ce636ea0e
	at org.openqa.selenium.remote.ErrorCodec.decode(ErrorCodec.java:167)
	at org.openqa.selenium.remote.codec.w3c.W3CHttpResponseCodec.decode(W3CHttpResponseCodec.java:138)
	at org.openqa.selenium.remote.codec.w3c.W3CHttpResponseCodec.decode(W3CHttpResponseCodec.java:50)
	at org.openqa.selenium.remote.HttpCommandExecutor.execute(HttpCommandExecutor.java:190)
	at org.openqa.selenium.remote.service.DriverCommandExecutor.invokeExecute(DriverCommandExecutor.java:216)
	at org.openqa.selenium.remote.service.DriverCommandExecutor.execute(DriverCommandExecutor.java:174)
	at org.openqa.selenium.remote.RemoteWebDriver.execute(RemoteWebDriver.java:518)
	at org.openqa.selenium.remote.RemoteWebElement.execute(RemoteWebElement.java:223)
	at org.openqa.selenium.remote.RemoteWebElement.sendKeys(RemoteWebElement.java:110)
	at org.openqa.selenium.support.pagefactory.internal.LocatingElementHandler.invoke(LocatingElementHandler.java:51)
	at jdk.proxy2/jdk.proxy2.$Proxy12.sendKeys(Unknown Source)
	at Airline_Source_Package.Home_Page.password(Home_Page.java:66)
	at Airline_Testcases.TC15_Make_Payment.make_payment(TC15_Make_Payment.java:20)
	at java.base/java.util.ArrayList.forEach(ArrayList.java:1511)
... Removed 30 stack frames</div></td></tr></table><p class="totop"><a href="#summary">back to summary</a></p>
<h3 id="m7">Airline_Testcases.TC10_Flight_Baggage_Cancel_Info#flight_information</h3><table class="result"><tr><th class="invisible"/></tr></table><p class="totop"><a href="#summary">back to summary</a></p>
<h3 id="m8">Airline_Testcases.TC13_Apply_Coupon_Code#apply_coupon_code</h3><table class="result"><tr><th class="invisible"/></tr></table><p class="totop"><a href="#summary">back to summary</a></p>
<h3 id="m9">Airline_Testcases.TC15_Make_Payment#make_payment</h3><table class="result"><tr><th class="invisible"/></tr></table><p class="totop"><a href="#summary">back to summary</a></p>
<h3 id="m10">Airline_Testcases.TC1_Register_New_Account#new_user_register</h3><table class="result"><tr><th class="invisible"/></tr></table><p class="totop"><a href="#summary">back to summary</a></p>
<h3 id="m11">Airline_Testcases.TC2_Login_Functionality#sucessful_login</h3><table class="result"><tr><th class="invisible"/></tr></table><p class="totop"><a href="#summary">back to summary</a></p>
<h3 id="m12">Airline_Testcases.TC3_Unsuccessful_Login#unsuccessful_login</h3><table class="result"><tr><th class="invisible"/></tr></table><p class="totop"><a href="#summary">back to summary</a></p>
<h3 id="m13">Airline_Testcases.TC4_One_Way_Flights#search_one_way_flights</h3><table class="result"><tr><th class="invisible"/></tr></table><p class="totop"><a href="#summary">back to summary</a></p>
<h3 id="m14">Airline_Testcases.TC5_Round_Trip_Flights#round_trip_flights</h3><table class="result"><tr><th class="invisible"/></tr></table><p class="totop"><a href="#summary">back to summary</a></p>
<h3 id="m15">Airline_Testcases.TC6_Different_Classes#classes</h3><table class="result"><tr><th class="invisible"/></tr></table><p class="totop"><a href="#summary">back to summary</a></p>
<h3 id="m16">Airline_Testcases.TC7_Multi_City_Flights#multi_city_flights</h3><table class="result"><tr><th class="invisible"/></tr></table><p class="totop"><a href="#summary">back to summary</a></p>
<h3 id="m17">Airline_Testcases.TC8_Seat_Selection#seat_selection</h3><table class="result"><tr><th class="invisible"/></tr></table><p class="totop"><a href="#summary">back to summary</a></p>
<h3 id="m18">Airline_Testcases.TC9_Multiple_Passangers#multiple_passangers</h3><table class="result"><tr><th class="invisible"/></tr></table><p class="totop"><a href="#summary">back to summary</a></p>
</body>
</html>
