<?xml version="1.0" encoding="UTF-8"?>
<testng-results retried="4" ignored="4" total="23" passed="12" failed="3" skipped="0">
  <reporter-output>
  </reporter-output>
  <suite started-at="2024-05-17T16:06:14 IST" name="Airline_Suite" finished-at="2024-05-17T16:13:40 IST" duration-ms="446095">
    <groups>
    </groups>
    <test started-at="2024-05-17T16:06:14 IST" name="Airline_Test" finished-at="2024-05-17T16:13:40 IST" duration-ms="446095">
      <class name="Airline_Testcases.TC8_Seat_Selection">
        <test-method is-config="true" signature="launch_browser()[pri:0, instance:Airline_Testcases.TC8_Seat_Selection@22555ebf]" started-at="2024-05-17T16:08:25 IST" name="launch_browser" finished-at="2024-05-17T16:08:33 IST" duration-ms="7324" status="PASS">
          <reporter-output>
          </reporter-output>
        </test-method> <!-- launch_browser -->
        <test-method signature="seat_selection()[pri:0, instance:Airline_Testcases.TC8_Seat_Selection@22555ebf]" started-at="2024-05-17T16:08:33 IST" name="seat_selection" finished-at="2024-05-17T16:08:55 IST" duration-ms="22975" status="PASS">
          <reporter-output>
          </reporter-output>
        </test-method> <!-- seat_selection -->
        <test-method is-config="true" signature="quit_browser()[pri:0, instance:Airline_Testcases.TC8_Seat_Selection@22555ebf]" started-at="2024-05-17T16:08:55 IST" name="quit_browser" finished-at="2024-05-17T16:09:01 IST" duration-ms="5481" status="PASS">
          <reporter-output>
          </reporter-output>
        </test-method> <!-- quit_browser -->
      </class> <!-- Airline_Testcases.TC8_Seat_Selection -->
      <class name="Airline_Testcases.TC11_Passenger_Details_for_Booking">
        <test-method is-config="true" signature="launch_browser()[pri:0, instance:Airline_Testcases.TC11_Passenger_Details_for_Booking@34e9fd99]" started-at="2024-05-17T16:09:57 IST" name="launch_browser" finished-at="2024-05-17T16:10:02 IST" duration-ms="5411" status="PASS">
          <reporter-output>
          </reporter-output>
        </test-method> <!-- launch_browser -->
        <test-method retried="true" signature="passenger_details()[pri:0, instance:Airline_Testcases.TC11_Passenger_Details_for_Booking@34e9fd99]" started-at="2024-05-17T16:10:02 IST" name="passenger_details" finished-at="2024-05-17T16:10:14 IST" duration-ms="11146" status="SKIP">
          <exception class="org.openqa.selenium.ElementNotInteractableException">
            <message>
              <![CDATA[element not interactable
  (Session info: chrome=124.0.6367.203)
Build info: version: '4.19.1', revision: 'abe0ee07dc'
System info: os.name: 'Windows 10', os.arch: 'amd64', os.version: '10.0', java.version: '20'
Driver info: org.openqa.selenium.chrome.ChromeDriver
Command: [fb947caa1fb58ee4319a8df57b0564d6, sendKeysToElement {value=[Ljava.lang.CharSequence;@626b639e, id=f.3AD63B0009444A082EF95F81CE050DF3.d.21C95FBA01FF4696419E2FAB14423E34.e.207}]
Capabilities {acceptInsecureCerts: false, browserName: chrome, browserVersion: 124.0.6367.203, chrome: {chromedriverVersion: 124.0.6367.207 (a9001a6e39f..., userDataDir: C:\Users\DELL\AppData\Local...}, fedcm:accounts: true, goog:chromeOptions: {debuggerAddress: localhost:65149}, networkConnectionEnabled: false, pageLoadStrategy: normal, platformName: windows, proxy: Proxy(), se:cdp: ws://localhost:65149/devtoo..., se:cdpVersion: 124.0.6367.203, setWindowRect: true, strictFileInteractability: false, timeouts: {implicit: 0, pageLoad: 300000, script: 30000}, unhandledPromptBehavior: dismiss and notify, webauthn:extension:credBlob: true, webauthn:extension:largeBlob: true, webauthn:extension:minPinLength: true, webauthn:extension:prf: true, webauthn:virtualAuthenticators: true}
Element: [[ChromeDriver: chrome on windows (fb947caa1fb58ee4319a8df57b0564d6)] -> id: txtEmail2]
Session ID: fb947caa1fb58ee4319a8df57b0564d6]]>
            </message>
            <full-stacktrace>
              <![CDATA[org.openqa.selenium.ElementNotInteractableException: element not interactable
  (Session info: chrome=124.0.6367.203)
Build info: version: '4.19.1', revision: 'abe0ee07dc'
System info: os.name: 'Windows 10', os.arch: 'amd64', os.version: '10.0', java.version: '20'
Driver info: org.openqa.selenium.chrome.ChromeDriver
Command: [fb947caa1fb58ee4319a8df57b0564d6, sendKeysToElement {value=[Ljava.lang.CharSequence;@626b639e, id=f.3AD63B0009444A082EF95F81CE050DF3.d.21C95FBA01FF4696419E2FAB14423E34.e.207}]
Capabilities {acceptInsecureCerts: false, browserName: chrome, browserVersion: 124.0.6367.203, chrome: {chromedriverVersion: 124.0.6367.207 (a9001a6e39f..., userDataDir: C:\Users\DELL\AppData\Local...}, fedcm:accounts: true, goog:chromeOptions: {debuggerAddress: localhost:65149}, networkConnectionEnabled: false, pageLoadStrategy: normal, platformName: windows, proxy: Proxy(), se:cdp: ws://localhost:65149/devtoo..., se:cdpVersion: 124.0.6367.203, setWindowRect: true, strictFileInteractability: false, timeouts: {implicit: 0, pageLoad: 300000, script: 30000}, unhandledPromptBehavior: dismiss and notify, webauthn:extension:credBlob: true, webauthn:extension:largeBlob: true, webauthn:extension:minPinLength: true, webauthn:extension:prf: true, webauthn:virtualAuthenticators: true}
Element: [[ChromeDriver: chrome on windows (fb947caa1fb58ee4319a8df57b0564d6)] -> id: txtEmail2]
Session ID: fb947caa1fb58ee4319a8df57b0564d6
at java.base/jdk.internal.reflect.DirectConstructorHandleAccessor.newInstance(DirectConstructorHandleAccessor.java:67)
at java.base/java.lang.reflect.Constructor.newInstanceWithCaller(Constructor.java:500)
at java.base/java.lang.reflect.Constructor.newInstance(Constructor.java:484)
at org.openqa.selenium.remote.ErrorCodec.decode(ErrorCodec.java:167)
at org.openqa.selenium.remote.codec.w3c.W3CHttpResponseCodec.decode(W3CHttpResponseCodec.java:138)
at org.openqa.selenium.remote.codec.w3c.W3CHttpResponseCodec.decode(W3CHttpResponseCodec.java:50)
at org.openqa.selenium.remote.HttpCommandExecutor.execute(HttpCommandExecutor.java:190)
at org.openqa.selenium.remote.service.DriverCommandExecutor.invokeExecute(DriverCommandExecutor.java:216)
at org.openqa.selenium.remote.service.DriverCommandExecutor.execute(DriverCommandExecutor.java:174)
at org.openqa.selenium.remote.RemoteWebDriver.execute(RemoteWebDriver.java:518)
at org.openqa.selenium.remote.RemoteWebElement.execute(RemoteWebElement.java:223)
at org.openqa.selenium.remote.RemoteWebElement.sendKeys(RemoteWebElement.java:110)
at java.base/jdk.internal.reflect.DirectMethodHandleAccessor.invoke(DirectMethodHandleAccessor.java:104)
at java.base/java.lang.reflect.Method.invoke(Method.java:578)
at org.openqa.selenium.support.pagefactory.internal.LocatingElementHandler.invoke(LocatingElementHandler.java:51)
at jdk.proxy2/jdk.proxy2.$Proxy12.sendKeys(Unknown Source)
at Airline_Source_Package.Home_Page.password(Home_Page.java:66)
at Airline_Testcases.TC11_Passenger_Details_for_Booking.passenger_details(TC11_Passenger_Details_for_Booking.java:19)
at java.base/jdk.internal.reflect.DirectMethodHandleAccessor.invoke(DirectMethodHandleAccessor.java:104)
at java.base/java.lang.reflect.Method.invoke(Method.java:578)
at org.testng.internal.invokers.MethodInvocationHelper.invokeMethod(MethodInvocationHelper.java:139)
at org.testng.internal.invokers.TestInvoker.invokeMethod(TestInvoker.java:664)
at org.testng.internal.invokers.TestInvoker.invokeTestMethod(TestInvoker.java:227)
at org.testng.internal.invokers.MethodRunner.runInSequence(MethodRunner.java:50)
at org.testng.internal.invokers.TestInvoker$MethodInvocationAgent.invoke(TestInvoker.java:957)
at org.testng.internal.invokers.TestInvoker.invokeTestMethods(TestInvoker.java:200)
at org.testng.internal.invokers.TestMethodWorker.invokeTestMethods(TestMethodWorker.java:148)
at org.testng.internal.invokers.TestMethodWorker.run(TestMethodWorker.java:128)
at java.base/java.util.ArrayList.forEach(ArrayList.java:1511)
at org.testng.TestRunner.privateRun(TestRunner.java:848)
at org.testng.TestRunner.run(TestRunner.java:621)
at org.testng.SuiteRunner.runTest(SuiteRunner.java:443)
at org.testng.SuiteRunner.runSequentially(SuiteRunner.java:437)
at org.testng.SuiteRunner.privateRun(SuiteRunner.java:397)
at org.testng.SuiteRunner.run(SuiteRunner.java:336)
at org.testng.SuiteRunnerWorker.runSuite(SuiteRunnerWorker.java:52)
at org.testng.SuiteRunnerWorker.run(SuiteRunnerWorker.java:95)
at org.testng.TestNG.runSuitesSequentially(TestNG.java:1280)
at org.testng.TestNG.runSuitesLocally(TestNG.java:1200)
at org.testng.TestNG.runSuites(TestNG.java:1114)
at org.testng.TestNG.run(TestNG.java:1082)
at org.testng.remote.AbstractRemoteTestNG.run(AbstractRemoteTestNG.java:115)
at org.testng.remote.RemoteTestNG.initAndRun(RemoteTestNG.java:251)
at org.testng.remote.RemoteTestNG.main(RemoteTestNG.java:77)
]]>
            </full-stacktrace>
          </exception> <!-- org.openqa.selenium.ElementNotInteractableException -->
          <reporter-output>
          </reporter-output>
        </test-method> <!-- passenger_details -->
        <test-method is-config="true" signature="quit_browser()[pri:0, instance:Airline_Testcases.TC11_Passenger_Details_for_Booking@34e9fd99]" started-at="2024-05-17T16:10:14 IST" name="quit_browser" finished-at="2024-05-17T16:10:19 IST" duration-ms="5797" status="PASS">
          <reporter-output>
          </reporter-output>
        </test-method> <!-- quit_browser -->
        <test-method is-config="true" signature="launch_browser()[pri:0, instance:Airline_Testcases.TC11_Passenger_Details_for_Booking@34e9fd99]" started-at="2024-05-17T16:10:19 IST" name="launch_browser" finished-at="2024-05-17T16:10:26 IST" duration-ms="6356" status="PASS">
          <reporter-output>
          </reporter-output>
        </test-method> <!-- launch_browser -->
        <test-method signature="passenger_details()[pri:0, instance:Airline_Testcases.TC11_Passenger_Details_for_Booking@34e9fd99]" started-at="2024-05-17T16:10:26 IST" name="passenger_details" finished-at="2024-05-17T16:10:37 IST" duration-ms="11224" status="FAIL">
          <exception class="org.openqa.selenium.ElementNotInteractableException">
            <message>
              <![CDATA[element not interactable
  (Session info: chrome=124.0.6367.203)
Build info: version: '4.19.1', revision: 'abe0ee07dc'
System info: os.name: 'Windows 10', os.arch: 'amd64', os.version: '10.0', java.version: '20'
Driver info: org.openqa.selenium.chrome.ChromeDriver
Command: [b5f075ada6fa8e551556d470cc1479bc, sendKeysToElement {value=[Ljava.lang.CharSequence;@636985df, id=f.49E91ED03F6EE1FF34A5FFD98BFB1685.d.5BDAB8BEB68459FB86F2817151E560B7.e.135}]
Capabilities {acceptInsecureCerts: false, browserName: chrome, browserVersion: 124.0.6367.203, chrome: {chromedriverVersion: 124.0.6367.207 (a9001a6e39f..., userDataDir: C:\Users\DELL\AppData\Local...}, fedcm:accounts: true, goog:chromeOptions: {debuggerAddress: localhost:65207}, networkConnectionEnabled: false, pageLoadStrategy: normal, platformName: windows, proxy: Proxy(), se:cdp: ws://localhost:65207/devtoo..., se:cdpVersion: 124.0.6367.203, setWindowRect: true, strictFileInteractability: false, timeouts: {implicit: 0, pageLoad: 300000, script: 30000}, unhandledPromptBehavior: dismiss and notify, webauthn:extension:credBlob: true, webauthn:extension:largeBlob: true, webauthn:extension:minPinLength: true, webauthn:extension:prf: true, webauthn:virtualAuthenticators: true}
Element: [[ChromeDriver: chrome on windows (b5f075ada6fa8e551556d470cc1479bc)] -> id: txtEmail2]
Session ID: b5f075ada6fa8e551556d470cc1479bc]]>
            </message>
            <full-stacktrace>
              <![CDATA[org.openqa.selenium.ElementNotInteractableException: element not interactable
  (Session info: chrome=124.0.6367.203)
Build info: version: '4.19.1', revision: 'abe0ee07dc'
System info: os.name: 'Windows 10', os.arch: 'amd64', os.version: '10.0', java.version: '20'
Driver info: org.openqa.selenium.chrome.ChromeDriver
Command: [b5f075ada6fa8e551556d470cc1479bc, sendKeysToElement {value=[Ljava.lang.CharSequence;@636985df, id=f.49E91ED03F6EE1FF34A5FFD98BFB1685.d.5BDAB8BEB68459FB86F2817151E560B7.e.135}]
Capabilities {acceptInsecureCerts: false, browserName: chrome, browserVersion: 124.0.6367.203, chrome: {chromedriverVersion: 124.0.6367.207 (a9001a6e39f..., userDataDir: C:\Users\DELL\AppData\Local...}, fedcm:accounts: true, goog:chromeOptions: {debuggerAddress: localhost:65207}, networkConnectionEnabled: false, pageLoadStrategy: normal, platformName: windows, proxy: Proxy(), se:cdp: ws://localhost:65207/devtoo..., se:cdpVersion: 124.0.6367.203, setWindowRect: true, strictFileInteractability: false, timeouts: {implicit: 0, pageLoad: 300000, script: 30000}, unhandledPromptBehavior: dismiss and notify, webauthn:extension:credBlob: true, webauthn:extension:largeBlob: true, webauthn:extension:minPinLength: true, webauthn:extension:prf: true, webauthn:virtualAuthenticators: true}
Element: [[ChromeDriver: chrome on windows (b5f075ada6fa8e551556d470cc1479bc)] -> id: txtEmail2]
Session ID: b5f075ada6fa8e551556d470cc1479bc
at java.base/jdk.internal.reflect.DirectConstructorHandleAccessor.newInstance(DirectConstructorHandleAccessor.java:67)
at java.base/java.lang.reflect.Constructor.newInstanceWithCaller(Constructor.java:500)
at java.base/java.lang.reflect.Constructor.newInstance(Constructor.java:484)
at org.openqa.selenium.remote.ErrorCodec.decode(ErrorCodec.java:167)
at org.openqa.selenium.remote.codec.w3c.W3CHttpResponseCodec.decode(W3CHttpResponseCodec.java:138)
at org.openqa.selenium.remote.codec.w3c.W3CHttpResponseCodec.decode(W3CHttpResponseCodec.java:50)
at org.openqa.selenium.remote.HttpCommandExecutor.execute(HttpCommandExecutor.java:190)
at org.openqa.selenium.remote.service.DriverCommandExecutor.invokeExecute(DriverCommandExecutor.java:216)
at org.openqa.selenium.remote.service.DriverCommandExecutor.execute(DriverCommandExecutor.java:174)
at org.openqa.selenium.remote.RemoteWebDriver.execute(RemoteWebDriver.java:518)
at org.openqa.selenium.remote.RemoteWebElement.execute(RemoteWebElement.java:223)
at org.openqa.selenium.remote.RemoteWebElement.sendKeys(RemoteWebElement.java:110)
at java.base/jdk.internal.reflect.DirectMethodHandleAccessor.invoke(DirectMethodHandleAccessor.java:104)
at java.base/java.lang.reflect.Method.invoke(Method.java:578)
at org.openqa.selenium.support.pagefactory.internal.LocatingElementHandler.invoke(LocatingElementHandler.java:51)
at jdk.proxy2/jdk.proxy2.$Proxy12.sendKeys(Unknown Source)
at Airline_Source_Package.Home_Page.password(Home_Page.java:66)
at Airline_Testcases.TC11_Passenger_Details_for_Booking.passenger_details(TC11_Passenger_Details_for_Booking.java:19)
at java.base/jdk.internal.reflect.DirectMethodHandleAccessor.invoke(DirectMethodHandleAccessor.java:104)
at java.base/java.lang.reflect.Method.invoke(Method.java:578)
at org.testng.internal.invokers.MethodInvocationHelper.invokeMethod(MethodInvocationHelper.java:139)
at org.testng.internal.invokers.TestInvoker.invokeMethod(TestInvoker.java:664)
at org.testng.internal.invokers.TestInvoker.retryFailed(TestInvoker.java:248)
at org.testng.internal.invokers.MethodRunner.runInSequence(MethodRunner.java:62)
at org.testng.internal.invokers.TestInvoker$MethodInvocationAgent.invoke(TestInvoker.java:957)
at org.testng.internal.invokers.TestInvoker.invokeTestMethods(TestInvoker.java:200)
at org.testng.internal.invokers.TestMethodWorker.invokeTestMethods(TestMethodWorker.java:148)
at org.testng.internal.invokers.TestMethodWorker.run(TestMethodWorker.java:128)
at java.base/java.util.ArrayList.forEach(ArrayList.java:1511)
at org.testng.TestRunner.privateRun(TestRunner.java:848)
at org.testng.TestRunner.run(TestRunner.java:621)
at org.testng.SuiteRunner.runTest(SuiteRunner.java:443)
at org.testng.SuiteRunner.runSequentially(SuiteRunner.java:437)
at org.testng.SuiteRunner.privateRun(SuiteRunner.java:397)
at org.testng.SuiteRunner.run(SuiteRunner.java:336)
at org.testng.SuiteRunnerWorker.runSuite(SuiteRunnerWorker.java:52)
at org.testng.SuiteRunnerWorker.run(SuiteRunnerWorker.java:95)
at org.testng.TestNG.runSuitesSequentially(TestNG.java:1280)
at org.testng.TestNG.runSuitesLocally(TestNG.java:1200)
at org.testng.TestNG.runSuites(TestNG.java:1114)
at org.testng.TestNG.run(TestNG.java:1082)
at org.testng.remote.AbstractRemoteTestNG.run(AbstractRemoteTestNG.java:115)
at org.testng.remote.RemoteTestNG.initAndRun(RemoteTestNG.java:251)
at org.testng.remote.RemoteTestNG.main(RemoteTestNG.java:77)
]]>
            </full-stacktrace>
          </exception> <!-- org.openqa.selenium.ElementNotInteractableException -->
          <reporter-output>
          </reporter-output>
        </test-method> <!-- passenger_details -->
        <test-method is-config="true" signature="quit_browser()[pri:0, instance:Airline_Testcases.TC11_Passenger_Details_for_Booking@34e9fd99]" started-at="2024-05-17T16:10:37 IST" name="quit_browser" finished-at="2024-05-17T16:10:43 IST" duration-ms="5782" status="PASS">
          <reporter-output>
          </reporter-output>
        </test-method> <!-- quit_browser -->
      </class> <!-- Airline_Testcases.TC11_Passenger_Details_for_Booking -->
      <class name="Airline_Testcases.TC3_Unsuccessful_Login">
        <test-method is-config="true" signature="launch_browser()[pri:0, instance:Airline_Testcases.TC3_Unsuccessful_Login@6c6cb480]" started-at="2024-05-17T16:06:42 IST" name="launch_browser" finished-at="2024-05-17T16:06:48 IST" duration-ms="5945" status="PASS">
          <reporter-output>
          </reporter-output>
        </test-method> <!-- launch_browser -->
        <test-method signature="unsuccessful_login()[pri:0, instance:Airline_Testcases.TC3_Unsuccessful_Login@6c6cb480]" started-at="2024-05-17T16:06:48 IST" name="unsuccessful_login" finished-at="2024-05-17T16:06:50 IST" duration-ms="2375" status="PASS">
          <reporter-output>
          </reporter-output>
        </test-method> <!-- unsuccessful_login -->
        <test-method is-config="true" signature="quit_browser()[pri:0, instance:Airline_Testcases.TC3_Unsuccessful_Login@6c6cb480]" started-at="2024-05-17T16:06:50 IST" name="quit_browser" finished-at="2024-05-17T16:06:56 IST" duration-ms="5785" status="PASS">
          <reporter-output>
          </reporter-output>
        </test-method> <!-- quit_browser -->
      </class> <!-- Airline_Testcases.TC3_Unsuccessful_Login -->
      <class name="Airline_Testcases.TC2_Login_Functionality">
        <test-method is-config="true" signature="launch_browser()[pri:0, instance:Airline_Testcases.TC2_Login_Functionality@408d971b]" started-at="2024-05-17T16:06:28 IST" name="launch_browser" finished-at="2024-05-17T16:06:34 IST" duration-ms="5500" status="PASS">
          <reporter-output>
          </reporter-output>
        </test-method> <!-- launch_browser -->
        <test-method signature="sucessful_login()[pri:0, instance:Airline_Testcases.TC2_Login_Functionality@408d971b]" started-at="2024-05-17T16:06:34 IST" name="sucessful_login" finished-at="2024-05-17T16:06:36 IST" duration-ms="2576" status="PASS">
          <reporter-output>
          </reporter-output>
        </test-method> <!-- sucessful_login -->
        <test-method is-config="true" signature="quit_browser()[pri:0, instance:Airline_Testcases.TC2_Login_Functionality@408d971b]" started-at="2024-05-17T16:06:36 IST" name="quit_browser" finished-at="2024-05-17T16:06:42 IST" duration-ms="5567" status="PASS">
          <reporter-output>
          </reporter-output>
        </test-method> <!-- quit_browser -->
      </class> <!-- Airline_Testcases.TC2_Login_Functionality -->
      <class name="Airline_Testcases.TC4_One_Way_Flights">
        <test-method is-config="true" signature="launch_browser()[pri:0, instance:Airline_Testcases.TC4_One_Way_Flights@3c46e67a]" started-at="2024-05-17T16:06:56 IST" name="launch_browser" finished-at="2024-05-17T16:07:02 IST" duration-ms="5896" status="PASS">
          <reporter-output>
          </reporter-output>
        </test-method> <!-- launch_browser -->
        <test-method signature="search_one_way_flights()[pri:0, instance:Airline_Testcases.TC4_One_Way_Flights@3c46e67a]" started-at="2024-05-17T16:07:02 IST" name="search_one_way_flights" finished-at="2024-05-17T16:07:10 IST" duration-ms="8577" status="PASS">
          <reporter-output>
          </reporter-output>
        </test-method> <!-- search_one_way_flights -->
        <test-method is-config="true" signature="quit_browser()[pri:0, instance:Airline_Testcases.TC4_One_Way_Flights@3c46e67a]" started-at="2024-05-17T16:07:10 IST" name="quit_browser" finished-at="2024-05-17T16:07:16 IST" duration-ms="5540" status="PASS">
          <reporter-output>
          </reporter-output>
        </test-method> <!-- quit_browser -->
      </class> <!-- Airline_Testcases.TC4_One_Way_Flights -->
      <class name="Airline_Testcases.TC9_Multiple_Passangers">
        <test-method is-config="true" signature="launch_browser()[pri:0, instance:Airline_Testcases.TC9_Multiple_Passangers@36ebc363]" started-at="2024-05-17T16:09:01 IST" name="launch_browser" finished-at="2024-05-17T16:09:09 IST" duration-ms="7650" status="PASS">
          <reporter-output>
          </reporter-output>
        </test-method> <!-- launch_browser -->
        <test-method signature="multiple_passangers()[pri:0, instance:Airline_Testcases.TC9_Multiple_Passangers@36ebc363]" started-at="2024-05-17T16:09:09 IST" name="multiple_passangers" finished-at="2024-05-17T16:09:25 IST" duration-ms="16471" status="PASS">
          <reporter-output>
          </reporter-output>
        </test-method> <!-- multiple_passangers -->
        <test-method is-config="true" signature="quit_browser()[pri:0, instance:Airline_Testcases.TC9_Multiple_Passangers@36ebc363]" started-at="2024-05-17T16:09:25 IST" name="quit_browser" finished-at="2024-05-17T16:09:31 IST" duration-ms="5916" status="PASS">
          <reporter-output>
          </reporter-output>
        </test-method> <!-- quit_browser -->
      </class> <!-- Airline_Testcases.TC9_Multiple_Passangers -->
      <class name="Airline_Testcases.TC5_Round_Trip_Flights">
        <test-method is-config="true" signature="launch_browser()[pri:0, instance:Airline_Testcases.TC5_Round_Trip_Flights@c730b35]" started-at="2024-05-17T16:07:16 IST" name="launch_browser" finished-at="2024-05-17T16:07:22 IST" duration-ms="5884" status="PASS">
          <reporter-output>
          </reporter-output>
        </test-method> <!-- launch_browser -->
        <test-method signature="round_trip_flights()[pri:0, instance:Airline_Testcases.TC5_Round_Trip_Flights@c730b35]" started-at="2024-05-17T16:07:22 IST" name="round_trip_flights" finished-at="2024-05-17T16:07:30 IST" duration-ms="8106" status="PASS">
          <reporter-output>
          </reporter-output>
        </test-method> <!-- round_trip_flights -->
        <test-method is-config="true" signature="quit_browser()[pri:0, instance:Airline_Testcases.TC5_Round_Trip_Flights@c730b35]" started-at="2024-05-17T16:07:30 IST" name="quit_browser" finished-at="2024-05-17T16:07:35 IST" duration-ms="5554" status="PASS">
          <reporter-output>
          </reporter-output>
        </test-method> <!-- quit_browser -->
      </class> <!-- Airline_Testcases.TC5_Round_Trip_Flights -->
      <class name="Airline_Testcases.TC15_Make_Payment">
        <test-method is-config="true" signature="launch_browser()[pri:0, instance:Airline_Testcases.TC15_Make_Payment@43bc63a3]" started-at="2024-05-17T16:12:34 IST" name="launch_browser" finished-at="2024-05-17T16:12:40 IST" duration-ms="6899" status="PASS">
          <reporter-output>
          </reporter-output>
        </test-method> <!-- launch_browser -->
        <test-method retried="true" signature="make_payment()[pri:0, instance:Airline_Testcases.TC15_Make_Payment@43bc63a3]" started-at="2024-05-17T16:12:40 IST" name="make_payment" finished-at="2024-05-17T16:12:51 IST" duration-ms="10969" status="SKIP">
          <exception class="org.openqa.selenium.ElementNotInteractableException">
            <message>
              <![CDATA[element not interactable
  (Session info: chrome=124.0.6367.203)
Build info: version: '4.19.1', revision: 'abe0ee07dc'
System info: os.name: 'Windows 10', os.arch: 'amd64', os.version: '10.0', java.version: '20'
Driver info: org.openqa.selenium.chrome.ChromeDriver
Command: [2f171efb472b8a82ceb5130ce636ea0e, sendKeysToElement {value=[Ljava.lang.CharSequence;@1857fe6c, id=f.0D3DB4CD25403E03A96D88AB000890AC.d.2D59D1E635B032F10778A07A8C4B8B5A.e.176}]
Capabilities {acceptInsecureCerts: false, browserName: chrome, browserVersion: 124.0.6367.203, chrome: {chromedriverVersion: 124.0.6367.207 (a9001a6e39f..., userDataDir: C:\Users\DELL\AppData\Local...}, fedcm:accounts: true, goog:chromeOptions: {debuggerAddress: localhost:49215}, networkConnectionEnabled: false, pageLoadStrategy: normal, platformName: windows, proxy: Proxy(), se:cdp: ws://localhost:49215/devtoo..., se:cdpVersion: 124.0.6367.203, setWindowRect: true, strictFileInteractability: false, timeouts: {implicit: 0, pageLoad: 300000, script: 30000}, unhandledPromptBehavior: dismiss and notify, webauthn:extension:credBlob: true, webauthn:extension:largeBlob: true, webauthn:extension:minPinLength: true, webauthn:extension:prf: true, webauthn:virtualAuthenticators: true}
Element: [[ChromeDriver: chrome on windows (2f171efb472b8a82ceb5130ce636ea0e)] -> id: txtEmail2]
Session ID: 2f171efb472b8a82ceb5130ce636ea0e]]>
            </message>
            <full-stacktrace>
              <![CDATA[org.openqa.selenium.ElementNotInteractableException: element not interactable
  (Session info: chrome=124.0.6367.203)
Build info: version: '4.19.1', revision: 'abe0ee07dc'
System info: os.name: 'Windows 10', os.arch: 'amd64', os.version: '10.0', java.version: '20'
Driver info: org.openqa.selenium.chrome.ChromeDriver
Command: [2f171efb472b8a82ceb5130ce636ea0e, sendKeysToElement {value=[Ljava.lang.CharSequence;@1857fe6c, id=f.0D3DB4CD25403E03A96D88AB000890AC.d.2D59D1E635B032F10778A07A8C4B8B5A.e.176}]
Capabilities {acceptInsecureCerts: false, browserName: chrome, browserVersion: 124.0.6367.203, chrome: {chromedriverVersion: 124.0.6367.207 (a9001a6e39f..., userDataDir: C:\Users\DELL\AppData\Local...}, fedcm:accounts: true, goog:chromeOptions: {debuggerAddress: localhost:49215}, networkConnectionEnabled: false, pageLoadStrategy: normal, platformName: windows, proxy: Proxy(), se:cdp: ws://localhost:49215/devtoo..., se:cdpVersion: 124.0.6367.203, setWindowRect: true, strictFileInteractability: false, timeouts: {implicit: 0, pageLoad: 300000, script: 30000}, unhandledPromptBehavior: dismiss and notify, webauthn:extension:credBlob: true, webauthn:extension:largeBlob: true, webauthn:extension:minPinLength: true, webauthn:extension:prf: true, webauthn:virtualAuthenticators: true}
Element: [[ChromeDriver: chrome on windows (2f171efb472b8a82ceb5130ce636ea0e)] -> id: txtEmail2]
Session ID: 2f171efb472b8a82ceb5130ce636ea0e
at java.base/jdk.internal.reflect.DirectConstructorHandleAccessor.newInstance(DirectConstructorHandleAccessor.java:67)
at java.base/java.lang.reflect.Constructor.newInstanceWithCaller(Constructor.java:500)
at java.base/java.lang.reflect.Constructor.newInstance(Constructor.java:484)
at org.openqa.selenium.remote.ErrorCodec.decode(ErrorCodec.java:167)
at org.openqa.selenium.remote.codec.w3c.W3CHttpResponseCodec.decode(W3CHttpResponseCodec.java:138)
at org.openqa.selenium.remote.codec.w3c.W3CHttpResponseCodec.decode(W3CHttpResponseCodec.java:50)
at org.openqa.selenium.remote.HttpCommandExecutor.execute(HttpCommandExecutor.java:190)
at org.openqa.selenium.remote.service.DriverCommandExecutor.invokeExecute(DriverCommandExecutor.java:216)
at org.openqa.selenium.remote.service.DriverCommandExecutor.execute(DriverCommandExecutor.java:174)
at org.openqa.selenium.remote.RemoteWebDriver.execute(RemoteWebDriver.java:518)
at org.openqa.selenium.remote.RemoteWebElement.execute(RemoteWebElement.java:223)
at org.openqa.selenium.remote.RemoteWebElement.sendKeys(RemoteWebElement.java:110)
at java.base/jdk.internal.reflect.DirectMethodHandleAccessor.invoke(DirectMethodHandleAccessor.java:104)
at java.base/java.lang.reflect.Method.invoke(Method.java:578)
at org.openqa.selenium.support.pagefactory.internal.LocatingElementHandler.invoke(LocatingElementHandler.java:51)
at jdk.proxy2/jdk.proxy2.$Proxy12.sendKeys(Unknown Source)
at Airline_Source_Package.Home_Page.password(Home_Page.java:66)
at Airline_Testcases.TC15_Make_Payment.make_payment(TC15_Make_Payment.java:20)
at java.base/jdk.internal.reflect.DirectMethodHandleAccessor.invoke(DirectMethodHandleAccessor.java:104)
at java.base/java.lang.reflect.Method.invoke(Method.java:578)
at org.testng.internal.invokers.MethodInvocationHelper.invokeMethod(MethodInvocationHelper.java:139)
at org.testng.internal.invokers.TestInvoker.invokeMethod(TestInvoker.java:664)
at org.testng.internal.invokers.TestInvoker.invokeTestMethod(TestInvoker.java:227)
at org.testng.internal.invokers.MethodRunner.runInSequence(MethodRunner.java:50)
at org.testng.internal.invokers.TestInvoker$MethodInvocationAgent.invoke(TestInvoker.java:957)
at org.testng.internal.invokers.TestInvoker.invokeTestMethods(TestInvoker.java:200)
at org.testng.internal.invokers.TestMethodWorker.invokeTestMethods(TestMethodWorker.java:148)
at org.testng.internal.invokers.TestMethodWorker.run(TestMethodWorker.java:128)
at java.base/java.util.ArrayList.forEach(ArrayList.java:1511)
at org.testng.TestRunner.privateRun(TestRunner.java:848)
at org.testng.TestRunner.run(TestRunner.java:621)
at org.testng.SuiteRunner.runTest(SuiteRunner.java:443)
at org.testng.SuiteRunner.runSequentially(SuiteRunner.java:437)
at org.testng.SuiteRunner.privateRun(SuiteRunner.java:397)
at org.testng.SuiteRunner.run(SuiteRunner.java:336)
at org.testng.SuiteRunnerWorker.runSuite(SuiteRunnerWorker.java:52)
at org.testng.SuiteRunnerWorker.run(SuiteRunnerWorker.java:95)
at org.testng.TestNG.runSuitesSequentially(TestNG.java:1280)
at org.testng.TestNG.runSuitesLocally(TestNG.java:1200)
at org.testng.TestNG.runSuites(TestNG.java:1114)
at org.testng.TestNG.run(TestNG.java:1082)
at org.testng.remote.AbstractRemoteTestNG.run(AbstractRemoteTestNG.java:115)
at org.testng.remote.RemoteTestNG.initAndRun(RemoteTestNG.java:251)
at org.testng.remote.RemoteTestNG.main(RemoteTestNG.java:77)
]]>
            </full-stacktrace>
          </exception> <!-- org.openqa.selenium.ElementNotInteractableException -->
          <reporter-output>
          </reporter-output>
        </test-method> <!-- make_payment -->
        <test-method is-config="true" signature="quit_browser()[pri:0, instance:Airline_Testcases.TC15_Make_Payment@43bc63a3]" started-at="2024-05-17T16:12:51 IST" name="quit_browser" finished-at="2024-05-17T16:12:57 IST" duration-ms="5776" status="PASS">
          <reporter-output>
          </reporter-output>
        </test-method> <!-- quit_browser -->
        <test-method is-config="true" signature="launch_browser()[pri:0, instance:Airline_Testcases.TC15_Make_Payment@43bc63a3]" started-at="2024-05-17T16:12:57 IST" name="launch_browser" finished-at="2024-05-17T16:13:05 IST" duration-ms="7944" status="PASS">
          <reporter-output>
          </reporter-output>
        </test-method> <!-- launch_browser -->
        <test-method signature="make_payment()[pri:0, instance:Airline_Testcases.TC15_Make_Payment@43bc63a3]" started-at="2024-05-17T16:13:05 IST" name="make_payment" finished-at="2024-05-17T16:13:27 IST" duration-ms="21538" status="PASS">
          <reporter-output>
          </reporter-output>
        </test-method> <!-- make_payment -->
        <test-method is-config="true" signature="quit_browser()[pri:0, instance:Airline_Testcases.TC15_Make_Payment@43bc63a3]" started-at="2024-05-17T16:13:27 IST" name="quit_browser" finished-at="2024-05-17T16:13:40 IST" duration-ms="13401" status="PASS">
          <reporter-output>
          </reporter-output>
        </test-method> <!-- quit_browser -->
      </class> <!-- Airline_Testcases.TC15_Make_Payment -->
      <class name="Airline_Testcases.TC14_Domestic_Round_Trip_Flights">
        <test-method is-config="true" signature="launch_browser()[pri:0, instance:Airline_Testcases.TC14_Domestic_Round_Trip_Flights@38425407]" started-at="2024-05-17T16:11:55 IST" name="launch_browser" finished-at="2024-05-17T16:12:01 IST" duration-ms="5668" status="PASS">
          <reporter-output>
          </reporter-output>
        </test-method> <!-- launch_browser -->
        <test-method retried="true" signature="search_domestic_flights()[pri:0, instance:Airline_Testcases.TC14_Domestic_Round_Trip_Flights@38425407]" started-at="2024-05-17T16:12:01 IST" name="search_domestic_flights" finished-at="2024-05-17T16:12:12 IST" duration-ms="11186" status="SKIP">
          <exception class="org.openqa.selenium.ElementNotInteractableException">
            <message>
              <![CDATA[element not interactable
  (Session info: chrome=124.0.6367.203)
Build info: version: '4.19.1', revision: 'abe0ee07dc'
System info: os.name: 'Windows 10', os.arch: 'amd64', os.version: '10.0', java.version: '20'
Driver info: org.openqa.selenium.chrome.ChromeDriver
Command: [7a43fd72c7a48b1409e7e61fd59ef04d, sendKeysToElement {value=[Ljava.lang.CharSequence;@1182d1df, id=f.3BEBDBF9AA3BAA693CC03B3803DD0E0C.d.4F2EC41CC59CD71D9D605CB5E42B0C94.e.134}]
Capabilities {acceptInsecureCerts: false, browserName: chrome, browserVersion: 124.0.6367.203, chrome: {chromedriverVersion: 124.0.6367.207 (a9001a6e39f..., userDataDir: C:\Users\DELL\AppData\Local...}, fedcm:accounts: true, goog:chromeOptions: {debuggerAddress: localhost:65475}, networkConnectionEnabled: false, pageLoadStrategy: normal, platformName: windows, proxy: Proxy(), se:cdp: ws://localhost:65475/devtoo..., se:cdpVersion: 124.0.6367.203, setWindowRect: true, strictFileInteractability: false, timeouts: {implicit: 0, pageLoad: 300000, script: 30000}, unhandledPromptBehavior: dismiss and notify, webauthn:extension:credBlob: true, webauthn:extension:largeBlob: true, webauthn:extension:minPinLength: true, webauthn:extension:prf: true, webauthn:virtualAuthenticators: true}
Element: [[ChromeDriver: chrome on windows (7a43fd72c7a48b1409e7e61fd59ef04d)] -> id: txtEmail2]
Session ID: 7a43fd72c7a48b1409e7e61fd59ef04d]]>
            </message>
            <full-stacktrace>
              <![CDATA[org.openqa.selenium.ElementNotInteractableException: element not interactable
  (Session info: chrome=124.0.6367.203)
Build info: version: '4.19.1', revision: 'abe0ee07dc'
System info: os.name: 'Windows 10', os.arch: 'amd64', os.version: '10.0', java.version: '20'
Driver info: org.openqa.selenium.chrome.ChromeDriver
Command: [7a43fd72c7a48b1409e7e61fd59ef04d, sendKeysToElement {value=[Ljava.lang.CharSequence;@1182d1df, id=f.3BEBDBF9AA3BAA693CC03B3803DD0E0C.d.4F2EC41CC59CD71D9D605CB5E42B0C94.e.134}]
Capabilities {acceptInsecureCerts: false, browserName: chrome, browserVersion: 124.0.6367.203, chrome: {chromedriverVersion: 124.0.6367.207 (a9001a6e39f..., userDataDir: C:\Users\DELL\AppData\Local...}, fedcm:accounts: true, goog:chromeOptions: {debuggerAddress: localhost:65475}, networkConnectionEnabled: false, pageLoadStrategy: normal, platformName: windows, proxy: Proxy(), se:cdp: ws://localhost:65475/devtoo..., se:cdpVersion: 124.0.6367.203, setWindowRect: true, strictFileInteractability: false, timeouts: {implicit: 0, pageLoad: 300000, script: 30000}, unhandledPromptBehavior: dismiss and notify, webauthn:extension:credBlob: true, webauthn:extension:largeBlob: true, webauthn:extension:minPinLength: true, webauthn:extension:prf: true, webauthn:virtualAuthenticators: true}
Element: [[ChromeDriver: chrome on windows (7a43fd72c7a48b1409e7e61fd59ef04d)] -> id: txtEmail2]
Session ID: 7a43fd72c7a48b1409e7e61fd59ef04d
at java.base/jdk.internal.reflect.DirectConstructorHandleAccessor.newInstance(DirectConstructorHandleAccessor.java:67)
at java.base/java.lang.reflect.Constructor.newInstanceWithCaller(Constructor.java:500)
at java.base/java.lang.reflect.Constructor.newInstance(Constructor.java:484)
at org.openqa.selenium.remote.ErrorCodec.decode(ErrorCodec.java:167)
at org.openqa.selenium.remote.codec.w3c.W3CHttpResponseCodec.decode(W3CHttpResponseCodec.java:138)
at org.openqa.selenium.remote.codec.w3c.W3CHttpResponseCodec.decode(W3CHttpResponseCodec.java:50)
at org.openqa.selenium.remote.HttpCommandExecutor.execute(HttpCommandExecutor.java:190)
at org.openqa.selenium.remote.service.DriverCommandExecutor.invokeExecute(DriverCommandExecutor.java:216)
at org.openqa.selenium.remote.service.DriverCommandExecutor.execute(DriverCommandExecutor.java:174)
at org.openqa.selenium.remote.RemoteWebDriver.execute(RemoteWebDriver.java:518)
at org.openqa.selenium.remote.RemoteWebElement.execute(RemoteWebElement.java:223)
at org.openqa.selenium.remote.RemoteWebElement.sendKeys(RemoteWebElement.java:110)
at java.base/jdk.internal.reflect.DirectMethodHandleAccessor.invoke(DirectMethodHandleAccessor.java:104)
at java.base/java.lang.reflect.Method.invoke(Method.java:578)
at org.openqa.selenium.support.pagefactory.internal.LocatingElementHandler.invoke(LocatingElementHandler.java:51)
at jdk.proxy2/jdk.proxy2.$Proxy12.sendKeys(Unknown Source)
at Airline_Source_Package.Home_Page.password(Home_Page.java:66)
at Airline_Testcases.TC14_Domestic_Round_Trip_Flights.search_domestic_flights(TC14_Domestic_Round_Trip_Flights.java:18)
at java.base/jdk.internal.reflect.DirectMethodHandleAccessor.invoke(DirectMethodHandleAccessor.java:104)
at java.base/java.lang.reflect.Method.invoke(Method.java:578)
at org.testng.internal.invokers.MethodInvocationHelper.invokeMethod(MethodInvocationHelper.java:139)
at org.testng.internal.invokers.TestInvoker.invokeMethod(TestInvoker.java:664)
at org.testng.internal.invokers.TestInvoker.invokeTestMethod(TestInvoker.java:227)
at org.testng.internal.invokers.MethodRunner.runInSequence(MethodRunner.java:50)
at org.testng.internal.invokers.TestInvoker$MethodInvocationAgent.invoke(TestInvoker.java:957)
at org.testng.internal.invokers.TestInvoker.invokeTestMethods(TestInvoker.java:200)
at org.testng.internal.invokers.TestMethodWorker.invokeTestMethods(TestMethodWorker.java:148)
at org.testng.internal.invokers.TestMethodWorker.run(TestMethodWorker.java:128)
at java.base/java.util.ArrayList.forEach(ArrayList.java:1511)
at org.testng.TestRunner.privateRun(TestRunner.java:848)
at org.testng.TestRunner.run(TestRunner.java:621)
at org.testng.SuiteRunner.runTest(SuiteRunner.java:443)
at org.testng.SuiteRunner.runSequentially(SuiteRunner.java:437)
at org.testng.SuiteRunner.privateRun(SuiteRunner.java:397)
at org.testng.SuiteRunner.run(SuiteRunner.java:336)
at org.testng.SuiteRunnerWorker.runSuite(SuiteRunnerWorker.java:52)
at org.testng.SuiteRunnerWorker.run(SuiteRunnerWorker.java:95)
at org.testng.TestNG.runSuitesSequentially(TestNG.java:1280)
at org.testng.TestNG.runSuitesLocally(TestNG.java:1200)
at org.testng.TestNG.runSuites(TestNG.java:1114)
at org.testng.TestNG.run(TestNG.java:1082)
at org.testng.remote.AbstractRemoteTestNG.run(AbstractRemoteTestNG.java:115)
at org.testng.remote.RemoteTestNG.initAndRun(RemoteTestNG.java:251)
at org.testng.remote.RemoteTestNG.main(RemoteTestNG.java:77)
]]>
            </full-stacktrace>
          </exception> <!-- org.openqa.selenium.ElementNotInteractableException -->
          <reporter-output>
          </reporter-output>
        </test-method> <!-- search_domestic_flights -->
        <test-method is-config="true" signature="quit_browser()[pri:0, instance:Airline_Testcases.TC14_Domestic_Round_Trip_Flights@38425407]" started-at="2024-05-17T16:12:12 IST" name="quit_browser" finished-at="2024-05-17T16:12:18 IST" duration-ms="5780" status="PASS">
          <reporter-output>
          </reporter-output>
        </test-method> <!-- quit_browser -->
        <test-method is-config="true" signature="launch_browser()[pri:0, instance:Airline_Testcases.TC14_Domestic_Round_Trip_Flights@38425407]" started-at="2024-05-17T16:12:18 IST" name="launch_browser" finished-at="2024-05-17T16:12:24 IST" duration-ms="6091" status="PASS">
          <reporter-output>
          </reporter-output>
        </test-method> <!-- launch_browser -->
        <test-method signature="search_domestic_flights()[pri:0, instance:Airline_Testcases.TC14_Domestic_Round_Trip_Flights@38425407]" started-at="2024-05-17T16:12:24 IST" name="search_domestic_flights" finished-at="2024-05-17T16:12:28 IST" duration-ms="4121" status="FAIL">
          <exception class="org.openqa.selenium.StaleElementReferenceException">
            <message>
              <![CDATA[stale element reference: stale element not found in the current frame
  (Session info: chrome=124.0.6367.203)
For documentation on this error, please visit: https://www.selenium.dev/documentation/webdriver/troubleshooting/errors#stale-element-reference-exception
Build info: version: '4.19.1', revision: 'abe0ee07dc'
System info: os.name: 'Windows 10', os.arch: 'amd64', os.version: '10.0', java.version: '20'
Driver info: org.openqa.selenium.chrome.ChromeDriver
Command: [b72a73dfa1ce87f62317fc265d10c784, clickElement {id=f.8DD98FF5FA4ACE4682CA8B92DF7577FA.d.611E03EF05A1C167EABD2A51E4A482F9.e.418}]
Capabilities {acceptInsecureCerts: false, browserName: chrome, browserVersion: 124.0.6367.203, chrome: {chromedriverVersion: 124.0.6367.207 (a9001a6e39f..., userDataDir: C:\Users\DELL\AppData\Local...}, fedcm:accounts: true, goog:chromeOptions: {debuggerAddress: localhost:49155}, networkConnectionEnabled: false, pageLoadStrategy: normal, platformName: windows, proxy: Proxy(), se:cdp: ws://localhost:49155/devtoo..., se:cdpVersion: 124.0.6367.203, setWindowRect: true, strictFileInteractability: false, timeouts: {implicit: 0, pageLoad: 300000, script: 30000}, unhandledPromptBehavior: dismiss and notify, webauthn:extension:credBlob: true, webauthn:extension:largeBlob: true, webauthn:extension:minPinLength: true, webauthn:extension:prf: true, webauthn:virtualAuthenticators: true}
Element: [[ChromeDriver: chrome on windows (b72a73dfa1ce87f62317fc265d10c784)] -> xpath: //div[@class='mflexcol']]
Session ID: b72a73dfa1ce87f62317fc265d10c784]]>
            </message>
            <full-stacktrace>
              <![CDATA[org.openqa.selenium.StaleElementReferenceException: stale element reference: stale element not found in the current frame
  (Session info: chrome=124.0.6367.203)
For documentation on this error, please visit: https://www.selenium.dev/documentation/webdriver/troubleshooting/errors#stale-element-reference-exception
Build info: version: '4.19.1', revision: 'abe0ee07dc'
System info: os.name: 'Windows 10', os.arch: 'amd64', os.version: '10.0', java.version: '20'
Driver info: org.openqa.selenium.chrome.ChromeDriver
Command: [b72a73dfa1ce87f62317fc265d10c784, clickElement {id=f.8DD98FF5FA4ACE4682CA8B92DF7577FA.d.611E03EF05A1C167EABD2A51E4A482F9.e.418}]
Capabilities {acceptInsecureCerts: false, browserName: chrome, browserVersion: 124.0.6367.203, chrome: {chromedriverVersion: 124.0.6367.207 (a9001a6e39f..., userDataDir: C:\Users\DELL\AppData\Local...}, fedcm:accounts: true, goog:chromeOptions: {debuggerAddress: localhost:49155}, networkConnectionEnabled: false, pageLoadStrategy: normal, platformName: windows, proxy: Proxy(), se:cdp: ws://localhost:49155/devtoo..., se:cdpVersion: 124.0.6367.203, setWindowRect: true, strictFileInteractability: false, timeouts: {implicit: 0, pageLoad: 300000, script: 30000}, unhandledPromptBehavior: dismiss and notify, webauthn:extension:credBlob: true, webauthn:extension:largeBlob: true, webauthn:extension:minPinLength: true, webauthn:extension:prf: true, webauthn:virtualAuthenticators: true}
Element: [[ChromeDriver: chrome on windows (b72a73dfa1ce87f62317fc265d10c784)] -> xpath: //div[@class='mflexcol']]
Session ID: b72a73dfa1ce87f62317fc265d10c784
at java.base/jdk.internal.reflect.DirectConstructorHandleAccessor.newInstance(DirectConstructorHandleAccessor.java:67)
at java.base/java.lang.reflect.Constructor.newInstanceWithCaller(Constructor.java:500)
at java.base/java.lang.reflect.Constructor.newInstance(Constructor.java:484)
at org.openqa.selenium.remote.ErrorCodec.decode(ErrorCodec.java:167)
at org.openqa.selenium.remote.codec.w3c.W3CHttpResponseCodec.decode(W3CHttpResponseCodec.java:138)
at org.openqa.selenium.remote.codec.w3c.W3CHttpResponseCodec.decode(W3CHttpResponseCodec.java:50)
at org.openqa.selenium.remote.HttpCommandExecutor.execute(HttpCommandExecutor.java:190)
at org.openqa.selenium.remote.service.DriverCommandExecutor.invokeExecute(DriverCommandExecutor.java:216)
at org.openqa.selenium.remote.service.DriverCommandExecutor.execute(DriverCommandExecutor.java:174)
at org.openqa.selenium.remote.RemoteWebDriver.execute(RemoteWebDriver.java:518)
at org.openqa.selenium.remote.RemoteWebElement.execute(RemoteWebElement.java:223)
at org.openqa.selenium.remote.RemoteWebElement.click(RemoteWebElement.java:76)
at Airline_Source_Package.Search_Result_Page.select_to_city_auto(Search_Result_Page.java:139)
at Airline_Testcases.TC14_Domestic_Round_Trip_Flights.search_domestic_flights(TC14_Domestic_Round_Trip_Flights.java:29)
at java.base/jdk.internal.reflect.DirectMethodHandleAccessor.invoke(DirectMethodHandleAccessor.java:104)
at java.base/java.lang.reflect.Method.invoke(Method.java:578)
at org.testng.internal.invokers.MethodInvocationHelper.invokeMethod(MethodInvocationHelper.java:139)
at org.testng.internal.invokers.TestInvoker.invokeMethod(TestInvoker.java:664)
at org.testng.internal.invokers.TestInvoker.retryFailed(TestInvoker.java:248)
at org.testng.internal.invokers.MethodRunner.runInSequence(MethodRunner.java:62)
at org.testng.internal.invokers.TestInvoker$MethodInvocationAgent.invoke(TestInvoker.java:957)
at org.testng.internal.invokers.TestInvoker.invokeTestMethods(TestInvoker.java:200)
at org.testng.internal.invokers.TestMethodWorker.invokeTestMethods(TestMethodWorker.java:148)
at org.testng.internal.invokers.TestMethodWorker.run(TestMethodWorker.java:128)
at java.base/java.util.ArrayList.forEach(ArrayList.java:1511)
at org.testng.TestRunner.privateRun(TestRunner.java:848)
at org.testng.TestRunner.run(TestRunner.java:621)
at org.testng.SuiteRunner.runTest(SuiteRunner.java:443)
at org.testng.SuiteRunner.runSequentially(SuiteRunner.java:437)
at org.testng.SuiteRunner.privateRun(SuiteRunner.java:397)
at org.testng.SuiteRunner.run(SuiteRunner.java:336)
at org.testng.SuiteRunnerWorker.runSuite(SuiteRunnerWorker.java:52)
at org.testng.SuiteRunnerWorker.run(SuiteRunnerWorker.java:95)
at org.testng.TestNG.runSuitesSequentially(TestNG.java:1280)
at org.testng.TestNG.runSuitesLocally(TestNG.java:1200)
at org.testng.TestNG.runSuites(TestNG.java:1114)
at org.testng.TestNG.run(TestNG.java:1082)
at org.testng.remote.AbstractRemoteTestNG.run(AbstractRemoteTestNG.java:115)
at org.testng.remote.RemoteTestNG.initAndRun(RemoteTestNG.java:251)
at org.testng.remote.RemoteTestNG.main(RemoteTestNG.java:77)
]]>
            </full-stacktrace>
          </exception> <!-- org.openqa.selenium.StaleElementReferenceException -->
          <reporter-output>
          </reporter-output>
        </test-method> <!-- search_domestic_flights -->
        <test-method is-config="true" signature="quit_browser()[pri:0, instance:Airline_Testcases.TC14_Domestic_Round_Trip_Flights@38425407]" started-at="2024-05-17T16:12:28 IST" name="quit_browser" finished-at="2024-05-17T16:12:34 IST" duration-ms="5578" status="PASS">
          <reporter-output>
          </reporter-output>
        </test-method> <!-- quit_browser -->
      </class> <!-- Airline_Testcases.TC14_Domestic_Round_Trip_Flights -->
      <class name="Airline_Testcases.TC12_Login_Search_Logout">
        <test-method is-config="true" signature="launch_browser()[pri:0, instance:Airline_Testcases.TC12_Login_Search_Logout@3c41ed1d]" started-at="2024-05-17T16:10:43 IST" name="launch_browser" finished-at="2024-05-17T16:10:49 IST" duration-ms="6031" status="PASS">
          <reporter-output>
          </reporter-output>
        </test-method> <!-- launch_browser -->
        <test-method signature="login_search_logout()[pri:0, instance:Airline_Testcases.TC12_Login_Search_Logout@3c41ed1d]" started-at="2024-05-17T16:10:49 IST" name="login_search_logout" finished-at="2024-05-17T16:11:00 IST" duration-ms="10987" status="FAIL">
          <exception class="org.openqa.selenium.ElementNotInteractableException">
            <message>
              <![CDATA[element not interactable
  (Session info: chrome=124.0.6367.203)
Build info: version: '4.19.1', revision: 'abe0ee07dc'
System info: os.name: 'Windows 10', os.arch: 'amd64', os.version: '10.0', java.version: '20'
Driver info: org.openqa.selenium.chrome.ChromeDriver
Command: [cd0dcdae25474f081492a059e9e2db16, sendKeysToElement {value=[Ljava.lang.CharSequence;@79195c22, id=f.27E6386A25183B604D28A5244DAD9A5A.d.D05C62E9187FA8749992905F4D15AA5E.e.174}]
Capabilities {acceptInsecureCerts: false, browserName: chrome, browserVersion: 124.0.6367.203, chrome: {chromedriverVersion: 124.0.6367.207 (a9001a6e39f..., userDataDir: C:\Users\DELL\AppData\Local...}, fedcm:accounts: true, goog:chromeOptions: {debuggerAddress: localhost:65270}, networkConnectionEnabled: false, pageLoadStrategy: normal, platformName: windows, proxy: Proxy(), se:cdp: ws://localhost:65270/devtoo..., se:cdpVersion: 124.0.6367.203, setWindowRect: true, strictFileInteractability: false, timeouts: {implicit: 0, pageLoad: 300000, script: 30000}, unhandledPromptBehavior: dismiss and notify, webauthn:extension:credBlob: true, webauthn:extension:largeBlob: true, webauthn:extension:minPinLength: true, webauthn:extension:prf: true, webauthn:virtualAuthenticators: true}
Element: [[ChromeDriver: chrome on windows (cd0dcdae25474f081492a059e9e2db16)] -> id: txtEmail2]
Session ID: cd0dcdae25474f081492a059e9e2db16]]>
            </message>
            <full-stacktrace>
              <![CDATA[org.openqa.selenium.ElementNotInteractableException: element not interactable
  (Session info: chrome=124.0.6367.203)
Build info: version: '4.19.1', revision: 'abe0ee07dc'
System info: os.name: 'Windows 10', os.arch: 'amd64', os.version: '10.0', java.version: '20'
Driver info: org.openqa.selenium.chrome.ChromeDriver
Command: [cd0dcdae25474f081492a059e9e2db16, sendKeysToElement {value=[Ljava.lang.CharSequence;@79195c22, id=f.27E6386A25183B604D28A5244DAD9A5A.d.D05C62E9187FA8749992905F4D15AA5E.e.174}]
Capabilities {acceptInsecureCerts: false, browserName: chrome, browserVersion: 124.0.6367.203, chrome: {chromedriverVersion: 124.0.6367.207 (a9001a6e39f..., userDataDir: C:\Users\DELL\AppData\Local...}, fedcm:accounts: true, goog:chromeOptions: {debuggerAddress: localhost:65270}, networkConnectionEnabled: false, pageLoadStrategy: normal, platformName: windows, proxy: Proxy(), se:cdp: ws://localhost:65270/devtoo..., se:cdpVersion: 124.0.6367.203, setWindowRect: true, strictFileInteractability: false, timeouts: {implicit: 0, pageLoad: 300000, script: 30000}, unhandledPromptBehavior: dismiss and notify, webauthn:extension:credBlob: true, webauthn:extension:largeBlob: true, webauthn:extension:minPinLength: true, webauthn:extension:prf: true, webauthn:virtualAuthenticators: true}
Element: [[ChromeDriver: chrome on windows (cd0dcdae25474f081492a059e9e2db16)] -> id: txtEmail2]
Session ID: cd0dcdae25474f081492a059e9e2db16
at java.base/jdk.internal.reflect.DirectConstructorHandleAccessor.newInstance(DirectConstructorHandleAccessor.java:67)
at java.base/java.lang.reflect.Constructor.newInstanceWithCaller(Constructor.java:500)
at java.base/java.lang.reflect.Constructor.newInstance(Constructor.java:484)
at org.openqa.selenium.remote.ErrorCodec.decode(ErrorCodec.java:167)
at org.openqa.selenium.remote.codec.w3c.W3CHttpResponseCodec.decode(W3CHttpResponseCodec.java:138)
at org.openqa.selenium.remote.codec.w3c.W3CHttpResponseCodec.decode(W3CHttpResponseCodec.java:50)
at org.openqa.selenium.remote.HttpCommandExecutor.execute(HttpCommandExecutor.java:190)
at org.openqa.selenium.remote.service.DriverCommandExecutor.invokeExecute(DriverCommandExecutor.java:216)
at org.openqa.selenium.remote.service.DriverCommandExecutor.execute(DriverCommandExecutor.java:174)
at org.openqa.selenium.remote.RemoteWebDriver.execute(RemoteWebDriver.java:518)
at org.openqa.selenium.remote.RemoteWebElement.execute(RemoteWebElement.java:223)
at org.openqa.selenium.remote.RemoteWebElement.sendKeys(RemoteWebElement.java:110)
at java.base/jdk.internal.reflect.DirectMethodHandleAccessor.invoke(DirectMethodHandleAccessor.java:104)
at java.base/java.lang.reflect.Method.invoke(Method.java:578)
at org.openqa.selenium.support.pagefactory.internal.LocatingElementHandler.invoke(LocatingElementHandler.java:51)
at jdk.proxy2/jdk.proxy2.$Proxy12.sendKeys(Unknown Source)
at Airline_Source_Package.Home_Page.password(Home_Page.java:66)
at Airline_Testcases.TC12_Login_Search_Logout.login_search_logout(TC12_Login_Search_Logout.java:18)
at java.base/jdk.internal.reflect.DirectMethodHandleAccessor.invoke(DirectMethodHandleAccessor.java:104)
at java.base/java.lang.reflect.Method.invoke(Method.java:578)
at org.testng.internal.invokers.MethodInvocationHelper.invokeMethod(MethodInvocationHelper.java:139)
at org.testng.internal.invokers.TestInvoker.invokeMethod(TestInvoker.java:664)
at org.testng.internal.invokers.TestInvoker.invokeTestMethod(TestInvoker.java:227)
at org.testng.internal.invokers.MethodRunner.runInSequence(MethodRunner.java:50)
at org.testng.internal.invokers.TestInvoker$MethodInvocationAgent.invoke(TestInvoker.java:957)
at org.testng.internal.invokers.TestInvoker.invokeTestMethods(TestInvoker.java:200)
at org.testng.internal.invokers.TestMethodWorker.invokeTestMethods(TestMethodWorker.java:148)
at org.testng.internal.invokers.TestMethodWorker.run(TestMethodWorker.java:128)
at java.base/java.util.ArrayList.forEach(ArrayList.java:1511)
at org.testng.TestRunner.privateRun(TestRunner.java:848)
at org.testng.TestRunner.run(TestRunner.java:621)
at org.testng.SuiteRunner.runTest(SuiteRunner.java:443)
at org.testng.SuiteRunner.runSequentially(SuiteRunner.java:437)
at org.testng.SuiteRunner.privateRun(SuiteRunner.java:397)
at org.testng.SuiteRunner.run(SuiteRunner.java:336)
at org.testng.SuiteRunnerWorker.runSuite(SuiteRunnerWorker.java:52)
at org.testng.SuiteRunnerWorker.run(SuiteRunnerWorker.java:95)
at org.testng.TestNG.runSuitesSequentially(TestNG.java:1280)
at org.testng.TestNG.runSuitesLocally(TestNG.java:1200)
at org.testng.TestNG.runSuites(TestNG.java:1114)
at org.testng.TestNG.run(TestNG.java:1082)
at org.testng.remote.AbstractRemoteTestNG.run(AbstractRemoteTestNG.java:115)
at org.testng.remote.RemoteTestNG.initAndRun(RemoteTestNG.java:251)
at org.testng.remote.RemoteTestNG.main(RemoteTestNG.java:77)
]]>
            </full-stacktrace>
          </exception> <!-- org.openqa.selenium.ElementNotInteractableException -->
          <reporter-output>
          </reporter-output>
        </test-method> <!-- login_search_logout -->
        <test-method is-config="true" signature="quit_browser()[pri:0, instance:Airline_Testcases.TC12_Login_Search_Logout@3c41ed1d]" started-at="2024-05-17T16:11:00 IST" name="quit_browser" finished-at="2024-05-17T16:11:05 IST" duration-ms="5683" status="PASS">
          <reporter-output>
          </reporter-output>
        </test-method> <!-- quit_browser -->
      </class> <!-- Airline_Testcases.TC12_Login_Search_Logout -->
      <class name="Airline_Testcases.TC1_Register_New_Account">
        <test-method is-config="true" signature="launch_browser()[pri:0, instance:Airline_Testcases.TC1_Register_New_Account@4c583ecf]" started-at="2024-05-17T16:06:14 IST" name="launch_browser" finished-at="2024-05-17T16:06:22 IST" duration-ms="7564" status="PASS">
          <reporter-output>
          </reporter-output>
        </test-method> <!-- launch_browser -->
        <test-method signature="new_user_register()[pri:0, instance:Airline_Testcases.TC1_Register_New_Account@4c583ecf]" started-at="2024-05-17T16:06:22 IST" name="new_user_register" finished-at="2024-05-17T16:06:22 IST" duration-ms="702" status="PASS">
          <reporter-output>
          </reporter-output>
        </test-method> <!-- new_user_register -->
        <test-method is-config="true" signature="quit_browser()[pri:0, instance:Airline_Testcases.TC1_Register_New_Account@4c583ecf]" started-at="2024-05-17T16:06:22 IST" name="quit_browser" finished-at="2024-05-17T16:06:28 IST" duration-ms="5718" status="PASS">
          <reporter-output>
          </reporter-output>
        </test-method> <!-- quit_browser -->
      </class> <!-- Airline_Testcases.TC1_Register_New_Account -->
      <class name="Airline_Testcases.TC6_Different_Classes">
        <test-method is-config="true" signature="launch_browser()[pri:0, instance:Airline_Testcases.TC6_Different_Classes@206a70ef]" started-at="2024-05-17T16:07:35 IST" name="launch_browser" finished-at="2024-05-17T16:07:43 IST" duration-ms="7269" status="PASS">
          <reporter-output>
          </reporter-output>
        </test-method> <!-- launch_browser -->
        <test-method signature="classes()[pri:0, instance:Airline_Testcases.TC6_Different_Classes@206a70ef]" started-at="2024-05-17T16:07:43 IST" name="classes" finished-at="2024-05-17T16:07:56 IST" duration-ms="13547" status="PASS">
          <reporter-output>
          </reporter-output>
        </test-method> <!-- classes -->
        <test-method is-config="true" signature="quit_browser()[pri:0, instance:Airline_Testcases.TC6_Different_Classes@206a70ef]" started-at="2024-05-17T16:07:56 IST" name="quit_browser" finished-at="2024-05-17T16:08:02 IST" duration-ms="5535" status="PASS">
          <reporter-output>
          </reporter-output>
        </test-method> <!-- quit_browser -->
      </class> <!-- Airline_Testcases.TC6_Different_Classes -->
      <class name="Airline_Testcases.TC10_Flight_Baggage_Cancel_Info">
        <test-method is-config="true" signature="launch_browser()[pri:0, instance:Airline_Testcases.TC10_Flight_Baggage_Cancel_Info@45752059]" started-at="2024-05-17T16:09:31 IST" name="launch_browser" finished-at="2024-05-17T16:09:37 IST" duration-ms="6258" status="PASS">
          <reporter-output>
          </reporter-output>
        </test-method> <!-- launch_browser -->
        <test-method signature="flight_information()[pri:0, instance:Airline_Testcases.TC10_Flight_Baggage_Cancel_Info@45752059]" started-at="2024-05-17T16:09:37 IST" name="flight_information" finished-at="2024-05-17T16:09:52 IST" duration-ms="14237" status="PASS">
          <reporter-output>
          </reporter-output>
        </test-method> <!-- flight_information -->
        <test-method is-config="true" signature="quit_browser()[pri:0, instance:Airline_Testcases.TC10_Flight_Baggage_Cancel_Info@45752059]" started-at="2024-05-17T16:09:52 IST" name="quit_browser" finished-at="2024-05-17T16:09:57 IST" duration-ms="5460" status="PASS">
          <reporter-output>
          </reporter-output>
        </test-method> <!-- quit_browser -->
      </class> <!-- Airline_Testcases.TC10_Flight_Baggage_Cancel_Info -->
      <class name="Airline_Testcases.TC13_Apply_Coupon_Code">
        <test-method is-config="true" signature="launch_browser()[pri:0, instance:Airline_Testcases.TC13_Apply_Coupon_Code@54d9d12d]" started-at="2024-05-17T16:11:05 IST" name="launch_browser" finished-at="2024-05-17T16:11:11 IST" duration-ms="5976" status="PASS">
          <reporter-output>
          </reporter-output>
        </test-method> <!-- launch_browser -->
        <test-method retried="true" signature="apply_coupon_code()[pri:0, instance:Airline_Testcases.TC13_Apply_Coupon_Code@54d9d12d]" started-at="2024-05-17T16:11:11 IST" name="apply_coupon_code" finished-at="2024-05-17T16:11:22 IST" duration-ms="11008" status="SKIP">
          <exception class="org.openqa.selenium.ElementNotInteractableException">
            <message>
              <![CDATA[element not interactable
  (Session info: chrome=124.0.6367.203)
Build info: version: '4.19.1', revision: 'abe0ee07dc'
System info: os.name: 'Windows 10', os.arch: 'amd64', os.version: '10.0', java.version: '20'
Driver info: org.openqa.selenium.chrome.ChromeDriver
Command: [891fa970a300bc5bc3f2102b77477be0, sendKeysToElement {value=[Ljava.lang.CharSequence;@1abcd059, id=f.BADEBDA685EA07139B6492475A5E9499.d.2FA71D2458407C187F7B852FFC7FCE23.e.139}]
Capabilities {acceptInsecureCerts: false, browserName: chrome, browserVersion: 124.0.6367.203, chrome: {chromedriverVersion: 124.0.6367.207 (a9001a6e39f..., userDataDir: C:\Users\DELL\AppData\Local...}, fedcm:accounts: true, goog:chromeOptions: {debuggerAddress: localhost:65342}, networkConnectionEnabled: false, pageLoadStrategy: normal, platformName: windows, proxy: Proxy(), se:cdp: ws://localhost:65342/devtoo..., se:cdpVersion: 124.0.6367.203, setWindowRect: true, strictFileInteractability: false, timeouts: {implicit: 0, pageLoad: 300000, script: 30000}, unhandledPromptBehavior: dismiss and notify, webauthn:extension:credBlob: true, webauthn:extension:largeBlob: true, webauthn:extension:minPinLength: true, webauthn:extension:prf: true, webauthn:virtualAuthenticators: true}
Element: [[ChromeDriver: chrome on windows (891fa970a300bc5bc3f2102b77477be0)] -> id: txtEmail2]
Session ID: 891fa970a300bc5bc3f2102b77477be0]]>
            </message>
            <full-stacktrace>
              <![CDATA[org.openqa.selenium.ElementNotInteractableException: element not interactable
  (Session info: chrome=124.0.6367.203)
Build info: version: '4.19.1', revision: 'abe0ee07dc'
System info: os.name: 'Windows 10', os.arch: 'amd64', os.version: '10.0', java.version: '20'
Driver info: org.openqa.selenium.chrome.ChromeDriver
Command: [891fa970a300bc5bc3f2102b77477be0, sendKeysToElement {value=[Ljava.lang.CharSequence;@1abcd059, id=f.BADEBDA685EA07139B6492475A5E9499.d.2FA71D2458407C187F7B852FFC7FCE23.e.139}]
Capabilities {acceptInsecureCerts: false, browserName: chrome, browserVersion: 124.0.6367.203, chrome: {chromedriverVersion: 124.0.6367.207 (a9001a6e39f..., userDataDir: C:\Users\DELL\AppData\Local...}, fedcm:accounts: true, goog:chromeOptions: {debuggerAddress: localhost:65342}, networkConnectionEnabled: false, pageLoadStrategy: normal, platformName: windows, proxy: Proxy(), se:cdp: ws://localhost:65342/devtoo..., se:cdpVersion: 124.0.6367.203, setWindowRect: true, strictFileInteractability: false, timeouts: {implicit: 0, pageLoad: 300000, script: 30000}, unhandledPromptBehavior: dismiss and notify, webauthn:extension:credBlob: true, webauthn:extension:largeBlob: true, webauthn:extension:minPinLength: true, webauthn:extension:prf: true, webauthn:virtualAuthenticators: true}
Element: [[ChromeDriver: chrome on windows (891fa970a300bc5bc3f2102b77477be0)] -> id: txtEmail2]
Session ID: 891fa970a300bc5bc3f2102b77477be0
at java.base/jdk.internal.reflect.DirectConstructorHandleAccessor.newInstance(DirectConstructorHandleAccessor.java:67)
at java.base/java.lang.reflect.Constructor.newInstanceWithCaller(Constructor.java:500)
at java.base/java.lang.reflect.Constructor.newInstance(Constructor.java:484)
at org.openqa.selenium.remote.ErrorCodec.decode(ErrorCodec.java:167)
at org.openqa.selenium.remote.codec.w3c.W3CHttpResponseCodec.decode(W3CHttpResponseCodec.java:138)
at org.openqa.selenium.remote.codec.w3c.W3CHttpResponseCodec.decode(W3CHttpResponseCodec.java:50)
at org.openqa.selenium.remote.HttpCommandExecutor.execute(HttpCommandExecutor.java:190)
at org.openqa.selenium.remote.service.DriverCommandExecutor.invokeExecute(DriverCommandExecutor.java:216)
at org.openqa.selenium.remote.service.DriverCommandExecutor.execute(DriverCommandExecutor.java:174)
at org.openqa.selenium.remote.RemoteWebDriver.execute(RemoteWebDriver.java:518)
at org.openqa.selenium.remote.RemoteWebElement.execute(RemoteWebElement.java:223)
at org.openqa.selenium.remote.RemoteWebElement.sendKeys(RemoteWebElement.java:110)
at java.base/jdk.internal.reflect.DirectMethodHandleAccessor.invoke(DirectMethodHandleAccessor.java:104)
at java.base/java.lang.reflect.Method.invoke(Method.java:578)
at org.openqa.selenium.support.pagefactory.internal.LocatingElementHandler.invoke(LocatingElementHandler.java:51)
at jdk.proxy2/jdk.proxy2.$Proxy12.sendKeys(Unknown Source)
at Airline_Source_Package.Home_Page.password(Home_Page.java:66)
at Airline_Testcases.TC13_Apply_Coupon_Code.apply_coupon_code(TC13_Apply_Coupon_Code.java:19)
at java.base/jdk.internal.reflect.DirectMethodHandleAccessor.invoke(DirectMethodHandleAccessor.java:104)
at java.base/java.lang.reflect.Method.invoke(Method.java:578)
at org.testng.internal.invokers.MethodInvocationHelper.invokeMethod(MethodInvocationHelper.java:139)
at org.testng.internal.invokers.TestInvoker.invokeMethod(TestInvoker.java:664)
at org.testng.internal.invokers.TestInvoker.invokeTestMethod(TestInvoker.java:227)
at org.testng.internal.invokers.MethodRunner.runInSequence(MethodRunner.java:50)
at org.testng.internal.invokers.TestInvoker$MethodInvocationAgent.invoke(TestInvoker.java:957)
at org.testng.internal.invokers.TestInvoker.invokeTestMethods(TestInvoker.java:200)
at org.testng.internal.invokers.TestMethodWorker.invokeTestMethods(TestMethodWorker.java:148)
at org.testng.internal.invokers.TestMethodWorker.run(TestMethodWorker.java:128)
at java.base/java.util.ArrayList.forEach(ArrayList.java:1511)
at org.testng.TestRunner.privateRun(TestRunner.java:848)
at org.testng.TestRunner.run(TestRunner.java:621)
at org.testng.SuiteRunner.runTest(SuiteRunner.java:443)
at org.testng.SuiteRunner.runSequentially(SuiteRunner.java:437)
at org.testng.SuiteRunner.privateRun(SuiteRunner.java:397)
at org.testng.SuiteRunner.run(SuiteRunner.java:336)
at org.testng.SuiteRunnerWorker.runSuite(SuiteRunnerWorker.java:52)
at org.testng.SuiteRunnerWorker.run(SuiteRunnerWorker.java:95)
at org.testng.TestNG.runSuitesSequentially(TestNG.java:1280)
at org.testng.TestNG.runSuitesLocally(TestNG.java:1200)
at org.testng.TestNG.runSuites(TestNG.java:1114)
at org.testng.TestNG.run(TestNG.java:1082)
at org.testng.remote.AbstractRemoteTestNG.run(AbstractRemoteTestNG.java:115)
at org.testng.remote.RemoteTestNG.initAndRun(RemoteTestNG.java:251)
at org.testng.remote.RemoteTestNG.main(RemoteTestNG.java:77)
]]>
            </full-stacktrace>
          </exception> <!-- org.openqa.selenium.ElementNotInteractableException -->
          <reporter-output>
          </reporter-output>
        </test-method> <!-- apply_coupon_code -->
        <test-method is-config="true" signature="quit_browser()[pri:0, instance:Airline_Testcases.TC13_Apply_Coupon_Code@54d9d12d]" started-at="2024-05-17T16:11:22 IST" name="quit_browser" finished-at="2024-05-17T16:11:28 IST" duration-ms="5652" status="PASS">
          <reporter-output>
          </reporter-output>
        </test-method> <!-- quit_browser -->
        <test-method is-config="true" signature="launch_browser()[pri:0, instance:Airline_Testcases.TC13_Apply_Coupon_Code@54d9d12d]" started-at="2024-05-17T16:11:28 IST" name="launch_browser" finished-at="2024-05-17T16:11:34 IST" duration-ms="5781" status="PASS">
          <reporter-output>
          </reporter-output>
        </test-method> <!-- launch_browser -->
        <test-method signature="apply_coupon_code()[pri:0, instance:Airline_Testcases.TC13_Apply_Coupon_Code@54d9d12d]" started-at="2024-05-17T16:11:34 IST" name="apply_coupon_code" finished-at="2024-05-17T16:11:50 IST" duration-ms="15758" status="PASS">
          <reporter-output>
          </reporter-output>
        </test-method> <!-- apply_coupon_code -->
        <test-method is-config="true" signature="quit_browser()[pri:0, instance:Airline_Testcases.TC13_Apply_Coupon_Code@54d9d12d]" started-at="2024-05-17T16:11:50 IST" name="quit_browser" finished-at="2024-05-17T16:11:55 IST" duration-ms="5542" status="PASS">
          <reporter-output>
          </reporter-output>
        </test-method> <!-- quit_browser -->
      </class> <!-- Airline_Testcases.TC13_Apply_Coupon_Code -->
      <class name="Airline_Testcases.TC7_Multi_City_Flights">
        <test-method is-config="true" signature="launch_browser()[pri:0, instance:Airline_Testcases.TC7_Multi_City_Flights@292b08d6]" started-at="2024-05-17T16:08:02 IST" name="launch_browser" finished-at="2024-05-17T16:08:07 IST" duration-ms="5579" status="PASS">
          <reporter-output>
          </reporter-output>
        </test-method> <!-- launch_browser -->
        <test-method signature="multi_city_flights()[pri:0, instance:Airline_Testcases.TC7_Multi_City_Flights@292b08d6]" started-at="2024-05-17T16:08:07 IST" name="multi_city_flights" finished-at="2024-05-17T16:08:20 IST" duration-ms="12365" status="PASS">
          <reporter-output>
          </reporter-output>
        </test-method> <!-- multi_city_flights -->
        <test-method is-config="true" signature="quit_browser()[pri:0, instance:Airline_Testcases.TC7_Multi_City_Flights@292b08d6]" started-at="2024-05-17T16:08:20 IST" name="quit_browser" finished-at="2024-05-17T16:08:25 IST" duration-ms="5517" status="PASS">
          <reporter-output>
          </reporter-output>
        </test-method> <!-- quit_browser -->
      </class> <!-- Airline_Testcases.TC7_Multi_City_Flights -->
    </test> <!-- Airline_Test -->
  </suite> <!-- Airline_Suite -->
</testng-results>
