<?xml version="1.0" encoding="UTF-8"?>
<!-- Generated by org.testng.reporters.JUnitXMLReporter -->
<testsuite ignored="0" hostname="DESKTOP-4K9JEOA" failures="3" tests="19" name="Airline_Test" time="446.095" errors="0" timestamp="2024-05-17T16:13:40 IST">
  <testcase classname="Airline_Testcases.TC1_Register_New_Account" name="new_user_register" time="0.702"/>
  <testcase classname="Airline_Testcases.TC2_Login_Functionality" name="sucessful_login" time="2.576"/>
  <testcase classname="Airline_Testcases.TC3_Unsuccessful_Login" name="unsuccessful_login" time="2.375"/>
  <testcase classname="Airline_Testcases.TC4_One_Way_Flights" name="search_one_way_flights" time="8.577"/>
  <testcase classname="Airline_Testcases.TC5_Round_Trip_Flights" name="round_trip_flights" time="8.106"/>
  <testcase classname="Airline_Testcases.TC6_Different_Classes" name="classes" time="13.547"/>
  <testcase classname="Airline_Testcases.TC7_Multi_City_Flights" name="multi_city_flights" time="12.365"/>
  <testcase classname="Airline_Testcases.TC8_Seat_Selection" name="seat_selection" time="22.975"/>
  <testcase classname="Airline_Testcases.TC9_Multiple_Passangers" name="multiple_passangers" time="16.471"/>
  <testcase classname="Airline_Testcases.TC10_Flight_Baggage_Cancel_Info" name="flight_information" time="14.237"/>
  <testcase classname="Airline_Testcases.TC11_Passenger_Details_for_Booking" name="passenger_details" time="11.146">
    <skipped/>
  </testcase> <!-- passenger_details -->
  <testcase classname="Airline_Testcases.TC11_Passenger_Details_for_Booking" name="passenger_details" time="11.224">
    <failure type="org.openqa.selenium.ElementNotInteractableException" message="element not interactable
  (Session info: chrome=124.0.6367.203)
Build info: version: &amp;apos;4.19.1&amp;apos;, revision: &amp;apos;abe0ee07dc&amp;apos;
System info: os.name: &amp;apos;Windows 10&amp;apos;, os.arch: &amp;apos;amd64&amp;apos;, os.version: &amp;apos;10.0&amp;apos;, java.version: &amp;apos;20&amp;apos;
Driver info: org.openqa.selenium.chrome.ChromeDriver
Command: [b5f075ada6fa8e551556d470cc1479bc, sendKeysToElement {value=[Ljava.lang.CharSequence;@636985df, id=f.49E91ED03F6EE1FF34A5FFD98BFB1685.d.5BDAB8BEB68459FB86F2817151E560B7.e.135}]
Capabilities {acceptInsecureCerts: false, browserName: chrome, browserVersion: 124.0.6367.203, chrome: {chromedriverVersion: 124.0.6367.207 (a9001a6e39f..., userDataDir: C:\Users\DELL\AppData\Local...}, fedcm:accounts: true, goog:chromeOptions: {debuggerAddress: localhost:65207}, networkConnectionEnabled: false, pageLoadStrategy: normal, platformName: windows, proxy: Proxy(), se:cdp: ws://localhost:65207/devtoo..., se:cdpVersion: 124.0.6367.203, setWindowRect: true, strictFileInteractability: false, timeouts: {implicit: 0, pageLoad: 300000, script: 30000}, unhandledPromptBehavior: dismiss and notify, webauthn:extension:credBlob: true, webauthn:extension:largeBlob: true, webauthn:extension:minPinLength: true, webauthn:extension:prf: true, webauthn:virtualAuthenticators: true}
Element: [[ChromeDriver: chrome on windows (b5f075ada6fa8e551556d470cc1479bc)] -&amp;gt; id: txtEmail2]
Session ID: b5f075ada6fa8e551556d470cc1479bc">
      <![CDATA[org.openqa.selenium.ElementNotInteractableException: element not interactable
  (Session info: chrome=124.0.6367.203)
Build info: version: '4.19.1', revision: 'abe0ee07dc'
System info: os.name: 'Windows 10', os.arch: 'amd64', os.version: '10.0', java.version: '20'
Driver info: org.openqa.selenium.chrome.ChromeDriver
Command: [b5f075ada6fa8e551556d470cc1479bc, sendKeysToElement {value=[Ljava.lang.CharSequence;@636985df, id=f.49E91ED03F6EE1FF34A5FFD98BFB1685.d.5BDAB8BEB68459FB86F2817151E560B7.e.135}]
Capabilities {acceptInsecureCerts: false, browserName: chrome, browserVersion: 124.0.6367.203, chrome: {chromedriverVersion: 124.0.6367.207 (a9001a6e39f..., userDataDir: C:\Users\DELL\AppData\Local...}, fedcm:accounts: true, goog:chromeOptions: {debuggerAddress: localhost:65207}, networkConnectionEnabled: false, pageLoadStrategy: normal, platformName: windows, proxy: Proxy(), se:cdp: ws://localhost:65207/devtoo..., se:cdpVersion: 124.0.6367.203, setWindowRect: true, strictFileInteractability: false, timeouts: {implicit: 0, pageLoad: 300000, script: 30000}, unhandledPromptBehavior: dismiss and notify, webauthn:extension:credBlob: true, webauthn:extension:largeBlob: true, webauthn:extension:minPinLength: true, webauthn:extension:prf: true, webauthn:virtualAuthenticators: true}
Element: [[ChromeDriver: chrome on windows (b5f075ada6fa8e551556d470cc1479bc)] -> id: txtEmail2]
Session ID: b5f075ada6fa8e551556d470cc1479bc
at org.openqa.selenium.remote.ErrorCodec.decode(ErrorCodec.java:167)
at org.openqa.selenium.remote.codec.w3c.W3CHttpResponseCodec.decode(W3CHttpResponseCodec.java:138)
at org.openqa.selenium.remote.codec.w3c.W3CHttpResponseCodec.decode(W3CHttpResponseCodec.java:50)
at org.openqa.selenium.remote.HttpCommandExecutor.execute(HttpCommandExecutor.java:190)
at org.openqa.selenium.remote.service.DriverCommandExecutor.invokeExecute(DriverCommandExecutor.java:216)
at org.openqa.selenium.remote.service.DriverCommandExecutor.execute(DriverCommandExecutor.java:174)
at org.openqa.selenium.remote.RemoteWebDriver.execute(RemoteWebDriver.java:518)
at org.openqa.selenium.remote.RemoteWebElement.execute(RemoteWebElement.java:223)
at org.openqa.selenium.remote.RemoteWebElement.sendKeys(RemoteWebElement.java:110)
at org.openqa.selenium.support.pagefactory.internal.LocatingElementHandler.invoke(LocatingElementHandler.java:51)
at jdk.proxy2/jdk.proxy2.$Proxy12.sendKeys(Unknown Source)
at Airline_Source_Package.Home_Page.password(Home_Page.java:66)
at Airline_Testcases.TC11_Passenger_Details_for_Booking.passenger_details(TC11_Passenger_Details_for_Booking.java:19)
at java.base/java.util.ArrayList.forEach(ArrayList.java:1511)
... Removed 30 stack frames]]>
    </failure>
  </testcase> <!-- passenger_details -->
  <testcase classname="Airline_Testcases.TC12_Login_Search_Logout" name="login_search_logout" time="10.987">
    <failure type="org.openqa.selenium.ElementNotInteractableException" message="element not interactable
  (Session info: chrome=124.0.6367.203)
Build info: version: &amp;apos;4.19.1&amp;apos;, revision: &amp;apos;abe0ee07dc&amp;apos;
System info: os.name: &amp;apos;Windows 10&amp;apos;, os.arch: &amp;apos;amd64&amp;apos;, os.version: &amp;apos;10.0&amp;apos;, java.version: &amp;apos;20&amp;apos;
Driver info: org.openqa.selenium.chrome.ChromeDriver
Command: [cd0dcdae25474f081492a059e9e2db16, sendKeysToElement {value=[Ljava.lang.CharSequence;@79195c22, id=f.27E6386A25183B604D28A5244DAD9A5A.d.D05C62E9187FA8749992905F4D15AA5E.e.174}]
Capabilities {acceptInsecureCerts: false, browserName: chrome, browserVersion: 124.0.6367.203, chrome: {chromedriverVersion: 124.0.6367.207 (a9001a6e39f..., userDataDir: C:\Users\DELL\AppData\Local...}, fedcm:accounts: true, goog:chromeOptions: {debuggerAddress: localhost:65270}, networkConnectionEnabled: false, pageLoadStrategy: normal, platformName: windows, proxy: Proxy(), se:cdp: ws://localhost:65270/devtoo..., se:cdpVersion: 124.0.6367.203, setWindowRect: true, strictFileInteractability: false, timeouts: {implicit: 0, pageLoad: 300000, script: 30000}, unhandledPromptBehavior: dismiss and notify, webauthn:extension:credBlob: true, webauthn:extension:largeBlob: true, webauthn:extension:minPinLength: true, webauthn:extension:prf: true, webauthn:virtualAuthenticators: true}
Element: [[ChromeDriver: chrome on windows (cd0dcdae25474f081492a059e9e2db16)] -&amp;gt; id: txtEmail2]
Session ID: cd0dcdae25474f081492a059e9e2db16">
      <![CDATA[org.openqa.selenium.ElementNotInteractableException: element not interactable
  (Session info: chrome=124.0.6367.203)
Build info: version: '4.19.1', revision: 'abe0ee07dc'
System info: os.name: 'Windows 10', os.arch: 'amd64', os.version: '10.0', java.version: '20'
Driver info: org.openqa.selenium.chrome.ChromeDriver
Command: [cd0dcdae25474f081492a059e9e2db16, sendKeysToElement {value=[Ljava.lang.CharSequence;@79195c22, id=f.27E6386A25183B604D28A5244DAD9A5A.d.D05C62E9187FA8749992905F4D15AA5E.e.174}]
Capabilities {acceptInsecureCerts: false, browserName: chrome, browserVersion: 124.0.6367.203, chrome: {chromedriverVersion: 124.0.6367.207 (a9001a6e39f..., userDataDir: C:\Users\DELL\AppData\Local...}, fedcm:accounts: true, goog:chromeOptions: {debuggerAddress: localhost:65270}, networkConnectionEnabled: false, pageLoadStrategy: normal, platformName: windows, proxy: Proxy(), se:cdp: ws://localhost:65270/devtoo..., se:cdpVersion: 124.0.6367.203, setWindowRect: true, strictFileInteractability: false, timeouts: {implicit: 0, pageLoad: 300000, script: 30000}, unhandledPromptBehavior: dismiss and notify, webauthn:extension:credBlob: true, webauthn:extension:largeBlob: true, webauthn:extension:minPinLength: true, webauthn:extension:prf: true, webauthn:virtualAuthenticators: true}
Element: [[ChromeDriver: chrome on windows (cd0dcdae25474f081492a059e9e2db16)] -> id: txtEmail2]
Session ID: cd0dcdae25474f081492a059e9e2db16
at org.openqa.selenium.remote.ErrorCodec.decode(ErrorCodec.java:167)
at org.openqa.selenium.remote.codec.w3c.W3CHttpResponseCodec.decode(W3CHttpResponseCodec.java:138)
at org.openqa.selenium.remote.codec.w3c.W3CHttpResponseCodec.decode(W3CHttpResponseCodec.java:50)
at org.openqa.selenium.remote.HttpCommandExecutor.execute(HttpCommandExecutor.java:190)
at org.openqa.selenium.remote.service.DriverCommandExecutor.invokeExecute(DriverCommandExecutor.java:216)
at org.openqa.selenium.remote.service.DriverCommandExecutor.execute(DriverCommandExecutor.java:174)
at org.openqa.selenium.remote.RemoteWebDriver.execute(RemoteWebDriver.java:518)
at org.openqa.selenium.remote.RemoteWebElement.execute(RemoteWebElement.java:223)
at org.openqa.selenium.remote.RemoteWebElement.sendKeys(RemoteWebElement.java:110)
at org.openqa.selenium.support.pagefactory.internal.LocatingElementHandler.invoke(LocatingElementHandler.java:51)
at jdk.proxy2/jdk.proxy2.$Proxy12.sendKeys(Unknown Source)
at Airline_Source_Package.Home_Page.password(Home_Page.java:66)
at Airline_Testcases.TC12_Login_Search_Logout.login_search_logout(TC12_Login_Search_Logout.java:18)
at java.base/java.util.ArrayList.forEach(ArrayList.java:1511)
... Removed 30 stack frames]]>
    </failure>
  </testcase> <!-- login_search_logout -->
  <testcase classname="Airline_Testcases.TC13_Apply_Coupon_Code" name="apply_coupon_code" time="11.008">
    <skipped/>
  </testcase> <!-- apply_coupon_code -->
  <testcase classname="Airline_Testcases.TC13_Apply_Coupon_Code" name="apply_coupon_code" time="15.758"/>
  <testcase classname="Airline_Testcases.TC14_Domestic_Round_Trip_Flights" name="search_domestic_flights" time="11.186">
    <skipped/>
  </testcase> <!-- search_domestic_flights -->
  <testcase classname="Airline_Testcases.TC14_Domestic_Round_Trip_Flights" name="search_domestic_flights" time="4.121">
    <failure type="org.openqa.selenium.StaleElementReferenceException" message="stale element reference: stale element not found in the current frame
  (Session info: chrome=124.0.6367.203)
For documentation on this error, please visit: https://www.selenium.dev/documentation/webdriver/troubleshooting/errors#stale-element-reference-exception
Build info: version: &amp;apos;4.19.1&amp;apos;, revision: &amp;apos;abe0ee07dc&amp;apos;
System info: os.name: &amp;apos;Windows 10&amp;apos;, os.arch: &amp;apos;amd64&amp;apos;, os.version: &amp;apos;10.0&amp;apos;, java.version: &amp;apos;20&amp;apos;
Driver info: org.openqa.selenium.chrome.ChromeDriver
Command: [b72a73dfa1ce87f62317fc265d10c784, clickElement {id=f.8DD98FF5FA4ACE4682CA8B92DF7577FA.d.611E03EF05A1C167EABD2A51E4A482F9.e.418}]
Capabilities {acceptInsecureCerts: false, browserName: chrome, browserVersion: 124.0.6367.203, chrome: {chromedriverVersion: 124.0.6367.207 (a9001a6e39f..., userDataDir: C:\Users\DELL\AppData\Local...}, fedcm:accounts: true, goog:chromeOptions: {debuggerAddress: localhost:49155}, networkConnectionEnabled: false, pageLoadStrategy: normal, platformName: windows, proxy: Proxy(), se:cdp: ws://localhost:49155/devtoo..., se:cdpVersion: 124.0.6367.203, setWindowRect: true, strictFileInteractability: false, timeouts: {implicit: 0, pageLoad: 300000, script: 30000}, unhandledPromptBehavior: dismiss and notify, webauthn:extension:credBlob: true, webauthn:extension:largeBlob: true, webauthn:extension:minPinLength: true, webauthn:extension:prf: true, webauthn:virtualAuthenticators: true}
Element: [[ChromeDriver: chrome on windows (b72a73dfa1ce87f62317fc265d10c784)] -&amp;gt; xpath: //div[@class=&amp;apos;mflexcol&amp;apos;]]
Session ID: b72a73dfa1ce87f62317fc265d10c784">
      <![CDATA[org.openqa.selenium.StaleElementReferenceException: stale element reference: stale element not found in the current frame
  (Session info: chrome=124.0.6367.203)
For documentation on this error, please visit: https://www.selenium.dev/documentation/webdriver/troubleshooting/errors#stale-element-reference-exception
Build info: version: '4.19.1', revision: 'abe0ee07dc'
System info: os.name: 'Windows 10', os.arch: 'amd64', os.version: '10.0', java.version: '20'
Driver info: org.openqa.selenium.chrome.ChromeDriver
Command: [b72a73dfa1ce87f62317fc265d10c784, clickElement {id=f.8DD98FF5FA4ACE4682CA8B92DF7577FA.d.611E03EF05A1C167EABD2A51E4A482F9.e.418}]
Capabilities {acceptInsecureCerts: false, browserName: chrome, browserVersion: 124.0.6367.203, chrome: {chromedriverVersion: 124.0.6367.207 (a9001a6e39f..., userDataDir: C:\Users\DELL\AppData\Local...}, fedcm:accounts: true, goog:chromeOptions: {debuggerAddress: localhost:49155}, networkConnectionEnabled: false, pageLoadStrategy: normal, platformName: windows, proxy: Proxy(), se:cdp: ws://localhost:49155/devtoo..., se:cdpVersion: 124.0.6367.203, setWindowRect: true, strictFileInteractability: false, timeouts: {implicit: 0, pageLoad: 300000, script: 30000}, unhandledPromptBehavior: dismiss and notify, webauthn:extension:credBlob: true, webauthn:extension:largeBlob: true, webauthn:extension:minPinLength: true, webauthn:extension:prf: true, webauthn:virtualAuthenticators: true}
Element: [[ChromeDriver: chrome on windows (b72a73dfa1ce87f62317fc265d10c784)] -> xpath: //div[@class='mflexcol']]
Session ID: b72a73dfa1ce87f62317fc265d10c784
at org.openqa.selenium.remote.ErrorCodec.decode(ErrorCodec.java:167)
at org.openqa.selenium.remote.codec.w3c.W3CHttpResponseCodec.decode(W3CHttpResponseCodec.java:138)
at org.openqa.selenium.remote.codec.w3c.W3CHttpResponseCodec.decode(W3CHttpResponseCodec.java:50)
at org.openqa.selenium.remote.HttpCommandExecutor.execute(HttpCommandExecutor.java:190)
at org.openqa.selenium.remote.service.DriverCommandExecutor.invokeExecute(DriverCommandExecutor.java:216)
at org.openqa.selenium.remote.service.DriverCommandExecutor.execute(DriverCommandExecutor.java:174)
at org.openqa.selenium.remote.RemoteWebDriver.execute(RemoteWebDriver.java:518)
at org.openqa.selenium.remote.RemoteWebElement.execute(RemoteWebElement.java:223)
at org.openqa.selenium.remote.RemoteWebElement.click(RemoteWebElement.java:76)
at Airline_Source_Package.Search_Result_Page.select_to_city_auto(Search_Result_Page.java:139)
at Airline_Testcases.TC14_Domestic_Round_Trip_Flights.search_domestic_flights(TC14_Domestic_Round_Trip_Flights.java:29)
at java.base/java.util.ArrayList.forEach(ArrayList.java:1511)
... Removed 28 stack frames]]>
    </failure>
  </testcase> <!-- search_domestic_flights -->
  <testcase classname="Airline_Testcases.TC15_Make_Payment" name="make_payment" time="10.969">
    <skipped/>
  </testcase> <!-- make_payment -->
  <testcase classname="Airline_Testcases.TC15_Make_Payment" name="make_payment" time="21.538"/>
</testsuite> <!-- Airline_Test -->
